#
# A fatal error has been detected by the Java Runtime Environment:
#
#  SIGSEGV (0xb) at pc=0x00007ff6ab3fff40, pid=8717, tid=0x00007ff6765c4700
#
# JRE version: Java(TM) SE Runtime Environment (8.0_171-b11) (build 1.8.0_171-b11)
# Java VM: Java HotSpot(TM) 64-Bit Server VM (25.171-b11 mixed mode linux-amd64 compressed oops)
# Problematic frame:
# V  [libjvm.so+0x4f6f40]  ConstantPool::klass_ref_at_noresolve(int)+0x60
#
# Failed to write core dump. Core dumps have been disabled. To enable core dumping, try "ulimit -c unlimited" before starting Java again
#
# If you would like to submit a bug report, please visit:
#   http://bugreport.java.com/bugreport/crash.jsp
#

---------------  T H R E A D  ---------------

Current thread (0x00007ff6a4088000):  VMThread [stack: 0x00007ff6764c5000,0x00007ff6765c5000] [id=8734]

siginfo: si_signo: 11 (SIGSEGV), si_code: 1 (SEGV_MAPERR), si_addr: 0x0000000000000010

Registers:
RAX=0x0000000000000000, RBX=0x0000000000000000, RCX=0x0000000000000003, RDX=0x00007ff6139f69a8
RSP=0x00007ff6765c3300, RBP=0x00007ff6765c3320, RSI=0x000000000000ffff, RDI=0x00007ff6139f6958
R8 =0x0000000000000003, R9 =0x0000000000000003, R10=0x00000000016ebcf0, R11=0x0000000000000002
R12=0x00007ff6139f6958, R13=0x0000000000000010, R14=0x00000000000000b6, R15=0x00000000000000b6
RIP=0x00007ff6ab3fff40, EFLAGS=0x0000000000010246, CSGSFS=0x002b000000000033, ERR=0x0000000000000004
  TRAPNO=0x000000000000000e

Top of Stack: (sp=0x00007ff6765c3300)
0x00007ff6765c3300:   00007ff6139f75d8 0000000000000000
0x00007ff6765c3310:   00007ff6a481d590 000000000000ffff
0x00007ff6765c3320:   00007ff6765c34b0 00007ff6ab7c7659
0x00007ff6765c3330:   00007ff6765c3a00 00007ff6765c3930
0x00007ff6765c3340:   00007ff6764c27f8 00007ff6764c27f8
0x00007ff6765c3350:   00007ff6765c3a20 00007ff5f00ffeb0
0x00007ff6765c3360:   00007ff6139f75b9 00007ff6000000b6
0x00007ff6765c3370:   00007ff69582736f 00007ff695827150
0x00007ff6765c3380:   00007ff6765c3450 00007ff6ab3c0ab5
0x00007ff6765c3390:   00007ff695827370 00007ff69582727c
0x00007ff6765c33a0:   00007ff6958272b8 00007ff695827150
0x00007ff6765c33b0:   00007ff6765c3410 00007ff6ab7f3492
0x00007ff6765c33c0:   00007ff6765c33b8 00007ff6950460a0
0x00007ff6765c33d0:   00007ff6139f75b9 00007ff6000000b6
0x00007ff6765c33e0:   00007ff63cb393e9 00007ff6000000b6
0x00007ff6765c33f0:   00007ff5f00ffeb0 0000000000000000
0x00007ff6765c3400:   00007ff6950460a0 0000000000000000
0x00007ff6765c3410:   00007ff6765c3450 00007ff6ab3c1585
0x00007ff6765c3420:   00007ff6765c3460 00007ff6ab41ca1a
0x00007ff6765c3430:   00007ff6765c34e0 00007ff63cb38c18
0x00007ff6765c3440:   00007ff695828090 0000000100301370
0x00007ff6765c3450:   00007ff695828090 00007ff6765c34d0
0x00007ff6765c3460:   00007ff6765c3490 00007ff6ab8ba86c
0x00007ff6765c3470:   00007ff5f00fffc8 00007ff6765c3530
0x00007ff6765c3480:   00007ff6765c34c0 00000000000000b6
0x00007ff6765c3490:   00007ff6139f75d8 00007ff6139f75b9
0x00007ff6765c34a0:   00000000000000b6 00000000000000b6
0x00007ff6765c34b0:   00007ff6765c3580 00007ff6ab7ca075
0x00007ff6765c34c0:   0000000000000000 00007ff6139f75d8
0x00007ff6765c34d0:   00007ff6a4088000 0000000400000001
0x00007ff6765c34e0:   000000b60000000c 000000b6ab980000
0x00007ff6765c34f0:   00007ff6958281ea 00007ff63cb39408 

Instructions: (pc=0x00007ff6ab3fff40)
0x00007ff6ab3fff20:   48 8b 00 48 89 45 e8 48 8b 45 e8 a8 01 74 11 48
0x00007ff6ab3fff30:   83 c4 10 48 83 e0 fe 5b 41 5c c9 c3 0f 1f 40 00
0x00007ff6ab3fff40:   48 8b 40 10 48 83 c4 10 5b 41 5c c9 c3 0f 1f 00
0x00007ff6ab3fff50:   48 8d 0d 21 f1 62 00 48 8d 15 52 f1 62 00 48 8d 

Register to memory mapping:

RAX=0x0000000000000000 is an unknown value
RBX=0x0000000000000000 is an unknown value
RCX=0x0000000000000003 is an unknown value
RDX=0x00007ff6139f69a8 is pointing into metadata
RSP=0x00007ff6765c3300 is an unknown value
RBP=0x00007ff6765c3320 is an unknown value
RSI=0x000000000000ffff is an unknown value
RDI=0x00007ff6139f6958 is pointing into metadata
R8 =0x0000000000000003 is an unknown value
R9 =0x0000000000000003 is an unknown value
R10=0x00000000016ebcf0 is an unknown value
R11=0x0000000000000002 is an unknown value
R12=0x00007ff6139f6958 is pointing into metadata
R13=0x0000000000000010 is an unknown value
R14=0x00000000000000b6 is an unknown value
R15=0x00000000000000b6 is an unknown value


Stack: [0x00007ff6764c5000,0x00007ff6765c5000],  sp=0x00007ff6765c3300,  free space=1016k
Native frames: (J=compiled Java code, j=interpreted, Vv=VM code, C=native code)
V  [libjvm.so+0x4f6f40]  ConstantPool::klass_ref_at_noresolve(int)+0x60
V  [libjvm.so+0x8be659]  MethodComparator::args_same(Bytecodes::Code, Bytecodes::Code)+0x4d9
V  [libjvm.so+0x8c1075]  MethodComparator::methods_EMCP(Method*, Method*)+0xa85
V  [libjvm.so+0x7b3228]  VM_RedefineClasses::check_methods_and_mark_as_obsolete(BitMap*, int*)+0x108
V  [libjvm.so+0x7b4313]  VM_RedefineClasses::redefine_single_class(_jclass*, Klass*, Thread*)+0x2d3
V  [libjvm.so+0x7b4f3b]  VM_RedefineClasses::doit()+0xab
V  [libjvm.so+0xad9595]  VM_Operation::evaluate()+0x55
V  [libjvm.so+0xad795a]  VMThread::evaluate_operation(VM_Operation*)+0xba
V  [libjvm.so+0xad7cde]  VMThread::loop()+0x1ce
V  [libjvm.so+0xad8150]  VMThread::run()+0x70
V  [libjvm.so+0x92e0f8]  java_start(Thread*)+0x108

VM_Operation (0x00007ff675fbb910): RedefineClasses, mode: safepoint, requested by thread 0x00007ff6a40d4000, redefining class com.example.demo.StudentController



---------------  P R O C E S S  ---------------

Java Threads: ( => current thread )
  0x00007ff634007000 JavaThread "RMI TCP Connection(idle)" daemon [_thread_blocked, id=8800, stack(0x00007ff611fe4000,0x00007ff6120e5000)]
  0x00007ff634005000 JavaThread "RMI TCP Connection(idle)" daemon [_thread_blocked, id=8797, stack(0x00007ff6122e7000,0x00007ff6123e8000)]
  0x00007ff634003800 JavaThread "RMI TCP Connection(6)-127.0.0.1" daemon [_thread_in_native, id=8796, stack(0x00007ff6123e8000,0x00007ff6124e9000)]
  0x00007ff62c007000 JavaThread "RMI TCP Connection(idle)" daemon [_thread_blocked, id=8794, stack(0x00007ff6125ea000,0x00007ff6126eb000)]
  0x00007ff62c005000 JavaThread "RMI TCP Connection(idle)" daemon [_thread_blocked, id=8793, stack(0x00007ff6126eb000,0x00007ff6127ec000)]
  0x00007ff62c003800 JavaThread "RMI TCP Connection(idle)" daemon [_thread_blocked, id=8792, stack(0x00007ff6127ec000,0x00007ff6128ed000)]
  0x00007ff6a4012000 JavaThread "DestroyJavaVM" [_thread_blocked, id=8724, stack(0x00007ff6aca3a000,0x00007ff6acb3a000)]
  0x00007ff6a4c5e000 JavaThread "http-nio-8080-AsyncTimeout" daemon [_thread_blocked, id=8790, stack(0x00007ff6128ed000,0x00007ff6129ee000)]
  0x00007ff6a4c5d000 JavaThread "http-nio-8080-Acceptor-0" daemon [_thread_in_native, id=8789, stack(0x00007ff6129ee000,0x00007ff612aef000)]
  0x00007ff6a4c5a000 JavaThread "http-nio-8080-ClientPoller-1" daemon [_thread_in_native, id=8788, stack(0x00007ff612aef000,0x00007ff612bf0000)]
  0x00007ff6a4c40800 JavaThread "http-nio-8080-ClientPoller-0" daemon [_thread_in_native, id=8787, stack(0x00007ff612bf0000,0x00007ff612cf1000)]
  0x00007ff6a4c23800 JavaThread "http-nio-8080-exec-10" daemon [_thread_blocked, id=8783, stack(0x00007ff612cf1000,0x00007ff612df2000)]
  0x00007ff6a4c21800 JavaThread "http-nio-8080-exec-9" daemon [_thread_blocked, id=8781, stack(0x00007ff612df2000,0x00007ff612ef3000)]
  0x00007ff6a4c1f800 JavaThread "http-nio-8080-exec-8" daemon [_thread_blocked, id=8779, stack(0x00007ff612ef3000,0x00007ff612ff4000)]
  0x00007ff6a4c1d800 JavaThread "http-nio-8080-exec-7" daemon [_thread_blocked, id=8778, stack(0x00007ff612ff4000,0x00007ff6130f5000)]
  0x00007ff6a4c1b800 JavaThread "http-nio-8080-exec-6" daemon [_thread_blocked, id=8777, stack(0x00007ff6130f5000,0x00007ff6131f6000)]
  0x00007ff6a4c19800 JavaThread "http-nio-8080-exec-5" daemon [_thread_blocked, id=8776, stack(0x00007ff6131f6000,0x00007ff6132f7000)]
  0x00007ff6a4c17800 JavaThread "http-nio-8080-exec-4" daemon [_thread_blocked, id=8775, stack(0x00007ff6132f7000,0x00007ff6133f8000)]
  0x00007ff6a4c15800 JavaThread "http-nio-8080-exec-3" daemon [_thread_blocked, id=8774, stack(0x00007ff6133f8000,0x00007ff6134f9000)]
  0x00007ff6a4c14000 JavaThread "http-nio-8080-exec-2" daemon [_thread_blocked, id=8773, stack(0x00007ff6134f9000,0x00007ff6135fa000)]
  0x00007ff6a4c13800 JavaThread "http-nio-8080-exec-1" daemon [_thread_blocked, id=8772, stack(0x00007ff6135fa000,0x00007ff6136fb000)]
  0x00007ff6a4c0f000 JavaThread "NioBlockingSelector.BlockPoller-1" daemon [_thread_in_native, id=8771, stack(0x00007ff6136fb000,0x00007ff6137fc000)]
  0x00007ff638013000 JavaThread "SimplePauseDetectorThread_0" daemon [_thread_blocked, id=8770, stack(0x00007ff613bfc000,0x00007ff613cfd000)]
  0x00007ff638011000 JavaThread "Thread-3" daemon [_thread_blocked, id=8769, stack(0x00007ff613cfd000,0x00007ff613dfe000)]
  0x00007ff6a4b22800 JavaThread "container-0" [_thread_blocked, id=8768, stack(0x00007ff613dfe000,0x00007ff613eff000)]
  0x00007ff6a4b1e000 JavaThread "ContainerBackgroundProcessor[StandardEngine[Tomcat]]" daemon [_thread_blocked, id=8767, stack(0x00007ff613eff000,0x00007ff614000000)]
  0x00007ff61400b000 JavaThread "JMX server connection timeout 21" daemon [_thread_blocked, id=8759, stack(0x00007ff67450a000,0x00007ff67460b000)]
  0x00007ff634001800 JavaThread "RMI TCP Connection(idle)" daemon [_thread_blocked, id=8758, stack(0x00007ff674627000,0x00007ff674728000)]
  0x00007ff61c00a800 JavaThread "RMI Scheduler(0)" daemon [_thread_blocked, id=8756, stack(0x00007ff674728000,0x00007ff674829000)]
  0x00007ff62c002000 JavaThread "RMI TCP Connection(idle)" daemon [_thread_blocked, id=8755, stack(0x00007ff674829000,0x00007ff67492a000)]
  0x00007ff6a4476000 JavaThread "RMI TCP Accept-0" daemon [_thread_in_native, id=8752, stack(0x00007ff674d2c000,0x00007ff674e2d000)]
  0x00007ff6a444c000 JavaThread "RMI TCP Accept-42677" daemon [_thread_in_native, id=8751, stack(0x00007ff674e37000,0x00007ff674f38000)]
  0x00007ff6a4431800 JavaThread "RMI TCP Accept-0" daemon [_thread_in_native, id=8750, stack(0x00007ff674f38000,0x00007ff675039000)]
  0x00007ff6a40ec000 JavaThread "Service Thread" daemon [_thread_blocked, id=8749, stack(0x00007ff6757b5000,0x00007ff6758b6000)]
  0x00007ff6a40e0800 JavaThread "C1 CompilerThread3" daemon [_thread_blocked, id=8748, stack(0x00007ff6758b7000,0x00007ff6759b7000)]
  0x00007ff6a40de800 JavaThread "C2 CompilerThread2" daemon [_thread_blocked, id=8747, stack(0x00007ff6759b8000,0x00007ff675ab8000)]
  0x00007ff6a40dc800 JavaThread "C2 CompilerThread1" daemon [_thread_blocked, id=8746, stack(0x00007ff675ab9000,0x00007ff675bb9000)]
  0x00007ff6a40d9800 JavaThread "C2 CompilerThread0" daemon [_thread_blocked, id=8745, stack(0x00007ff675bba000,0x00007ff675cba000)]
  0x00007ff65c001000 JavaThread "JDWP Command Reader" daemon [_thread_in_native, id=8743, stack(0x00007ff675cba000,0x00007ff675dbb000)]
  0x00007ff6a40d7800 JavaThread "JDWP Event Helper Thread" daemon [_thread_blocked, id=8742, stack(0x00007ff675dbb000,0x00007ff675ebc000)]
  0x00007ff6a40d4000 JavaThread "JDWP Transport Listener: dt_socket" daemon [_thread_blocked, id=8739, stack(0x00007ff675ebc000,0x00007ff675fbd000)]
  0x00007ff6a40c6000 JavaThread "Signal Dispatcher" daemon [_thread_blocked, id=8737, stack(0x00007ff6761c1000,0x00007ff6762c2000)]
  0x00007ff6a4094800 JavaThread "Finalizer" daemon [_thread_blocked, id=8736, stack(0x00007ff6762c2000,0x00007ff6763c3000)]
  0x00007ff6a4090000 JavaThread "Reference Handler" daemon [_thread_blocked, id=8735, stack(0x00007ff6763c3000,0x00007ff6764c4000)]

Other Threads:
=>0x00007ff6a4088000 VMThread [stack: 0x00007ff6764c5000,0x00007ff6765c5000] [id=8734]
  0x00007ff6a447f000 WatcherThread [stack: 0x00007ff674c2c000,0x00007ff674d2c000] [id=8753]

VM state:at safepoint (normal execution)

VM Mutex/Monitor currently owned by a thread:  ([mutex/lock_event])
[0x00007ff6a400e210] Threads_lock - owner thread: 0x00007ff6a4088000

Heap:
 PSYoungGen      total 120832K, used 64544K [0x00000000d7200000, 0x00000000e2b00000, 0x0000000100000000)
  eden space 104960K, 61% used [0x00000000d7200000,0x00000000db1081a0,0x00000000dd880000)
  from space 15872K, 0% used [0x00000000dd880000,0x00000000dd880000,0x00000000de800000)
  to   space 15872K, 0% used [0x00000000e1b80000,0x00000000e1b80000,0x00000000e2b00000)
 ParOldGen       total 84992K, used 22591K [0x0000000085600000, 0x000000008a900000, 0x00000000d7200000)
  object space 84992K, 26% used [0x0000000085600000,0x0000000086c0fdc0,0x000000008a900000)
 Metaspace       used 36005K, capacity 38098K, committed 38144K, reserved 1081344K
  class space    used 4939K, capacity 5336K, committed 5376K, reserved 1048576K

Card table byte_map: [0x00007ff6a886b000,0x00007ff6a8c41000] byte_map_base: 0x00007ff6a8440000

Marking Bits: (ParMarkBitMap*) 0x00007ff6abed9280
 Begin Bits: [0x00007ff6842b0000, 0x00007ff686158000)
 End Bits:   [0x00007ff686158000, 0x00007ff688000000)

Polling page: 0x00007ff6acb56000

CodeCache: size=245760Kb used=8353Kb max_used=8353Kb free=237407Kb
 bounds [0x00007ff695000000, 0x00007ff695830000, 0x00007ff6a4000000]
 total_blobs=4273 nmethods=3847 adapters=346
 compilation: enabled

Compilation events (10 events):
Event: 30,500 Thread 0x00007ff6a40e0800 3847       1       java.lang.Thread::isInterrupted (6 bytes)
Event: 30,500 Thread 0x00007ff6a40e0800 nmethod 3847 0x00007ff695826890 code [0x00007ff695826a00, 0x00007ff695826b48]
Event: 31,914 Thread 0x00007ff6a40e0800 3848       1       java.util.concurrent.ConcurrentHashMap$KeySetView::iterator (34 bytes)
Event: 31,915 Thread 0x00007ff6a40e0800 nmethod 3848 0x00007ff695826bd0 code [0x00007ff695826d40, 0x00007ff695826f98]
Event: 31,915 Thread 0x00007ff6a40e0800 3849       1       java.util.concurrent.ConcurrentHashMap$KeyIterator::<init> (12 bytes)
Event: 31,915 Thread 0x00007ff6a40e0800 nmethod 3849 0x00007ff695827150 code [0x00007ff6958272c0, 0x00007ff695827478]
Event: 37,706 Thread 0x00007ff6a40e0800 3850       1       java.nio.channels.spi.AbstractInterruptibleChannel::blockedOn (13 bytes)
Event: 37,707 Thread 0x00007ff6a40e0800 nmethod 3850 0x00007ff695827550 code [0x00007ff6958276c0, 0x00007ff6958279b0]
Event: 37,707 Thread 0x00007ff6a40e0800 3851   !   1       java.lang.Thread::blockedOn (23 bytes)
Event: 37,707 Thread 0x00007ff6a40e0800 nmethod 3851 0x00007ff695827b90 code [0x00007ff695827d00, 0x00007ff695827fd0]

GC Heap History (10 events):
Event: 1,661 GC heap before
{Heap before GC invocations=7 (full 1):
 PSYoungGen      total 68608K, used 68589K [0x00000000d7200000, 0x00000000dcf00000, 0x0000000100000000)
  eden space 63488K, 100% used [0x00000000d7200000,0x00000000db000000,0x00000000db000000)
  from space 5120K, 99% used [0x00000000db000000,0x00000000db4fb450,0x00000000db500000)
  to   space 11264K, 0% used [0x00000000dc400000,0x00000000dc400000,0x00000000dcf00000)
 ParOldGen       total 59904K, used 16173K [0x0000000085600000, 0x0000000089080000, 0x00000000d7200000)
  object space 59904K, 26% used [0x0000000085600000,0x00000000865cb4f8,0x0000000089080000)
 Metaspace       used 29537K, capacity 30896K, committed 31104K, reserved 1077248K
  class space    used 3925K, capacity 4222K, committed 4224K, reserved 1048576K
Event: 1,676 GC heap after
Heap after GC invocations=7 (full 1):
 PSYoungGen      total 82432K, used 11110K [0x00000000d7200000, 0x00000000de980000, 0x0000000100000000)
  eden space 71168K, 0% used [0x00000000d7200000,0x00000000d7200000,0x00000000db780000)
  from space 11264K, 98% used [0x00000000dc400000,0x00000000dced99f0,0x00000000dcf00000)
  to   space 12800K, 0% used [0x00000000db780000,0x00000000db780000,0x00000000dc400000)
 ParOldGen       total 59904K, used 16181K [0x0000000085600000, 0x0000000089080000, 0x00000000d7200000)
  object space 59904K, 27% used [0x0000000085600000,0x00000000865cd4f8,0x0000000089080000)
 Metaspace       used 29537K, capacity 30896K, committed 31104K, reserved 1077248K
  class space    used 3925K, capacity 4222K, committed 4224K, reserved 1048576K
}
Event: 2,134 GC heap before
{Heap before GC invocations=8 (full 1):
 PSYoungGen      total 82432K, used 82278K [0x00000000d7200000, 0x00000000de980000, 0x0000000100000000)
  eden space 71168K, 100% used [0x00000000d7200000,0x00000000db780000,0x00000000db780000)
  from space 11264K, 98% used [0x00000000dc400000,0x00000000dced99f0,0x00000000dcf00000)
  to   space 12800K, 0% used [0x00000000db780000,0x00000000db780000,0x00000000dc400000)
 ParOldGen       total 59904K, used 16181K [0x0000000085600000, 0x0000000089080000, 0x00000000d7200000)
  object space 59904K, 27% used [0x0000000085600000,0x00000000865cd4f8,0x0000000089080000)
 Metaspace       used 31201K, capacity 32820K, committed 33024K, reserved 1077248K
  class space    used 4224K, capacity 4550K, committed 4608K, reserved 1048576K
Event: 2,142 GC heap after
Heap after GC invocations=8 (full 1):
 PSYoungGen      total 83968K, used 12783K [0x00000000d7200000, 0x00000000df600000, 0x0000000100000000)
  eden space 71168K, 0% used [0x00000000d7200000,0x00000000d7200000,0x00000000db780000)
  from space 12800K, 99% used [0x00000000db780000,0x00000000dc3fbe88,0x00000000dc400000)
  to   space 14336K, 0% used [0x00000000de800000,0x00000000de800000,0x00000000df600000)
 ParOldGen       total 59904K, used 16197K [0x0000000085600000, 0x0000000089080000, 0x00000000d7200000)
  object space 59904K, 27% used [0x0000000085600000,0x00000000865d14f8,0x0000000089080000)
 Metaspace       used 31201K, capacity 32820K, committed 33024K, reserved 1077248K
  class space    used 4224K, capacity 4550K, committed 4608K, reserved 1048576K
}
Event: 2,541 GC heap before
{Heap before GC invocations=9 (full 1):
 PSYoungGen      total 83968K, used 83951K [0x00000000d7200000, 0x00000000df600000, 0x0000000100000000)
  eden space 71168K, 100% used [0x00000000d7200000,0x00000000db780000,0x00000000db780000)
  from space 12800K, 99% used [0x00000000db780000,0x00000000dc3fbe88,0x00000000dc400000)
  to   space 14336K, 0% used [0x00000000de800000,0x00000000de800000,0x00000000df600000)
 ParOldGen       total 59904K, used 16197K [0x0000000085600000, 0x0000000089080000, 0x00000000d7200000)
  object space 59904K, 27% used [0x0000000085600000,0x00000000865d14f8,0x0000000089080000)
 Metaspace       used 33486K, capacity 35366K, committed 35456K, reserved 1079296K
  class space    used 4550K, capacity 4905K, committed 4992K, reserved 1048576K
Event: 2,552 GC heap after
Heap after GC invocations=9 (full 1):
 PSYoungGen      total 119296K, used 14165K [0x00000000d7200000, 0x00000000df900000, 0x0000000100000000)
  eden space 104960K, 0% used [0x00000000d7200000,0x00000000d7200000,0x00000000dd880000)
  from space 14336K, 98% used [0x00000000de800000,0x00000000df5d56d8,0x00000000df600000)
  to   space 15872K, 0% used [0x00000000dd880000,0x00000000dd880000,0x00000000de800000)
 ParOldGen       total 59904K, used 19140K [0x0000000085600000, 0x0000000089080000, 0x00000000d7200000)
  object space 59904K, 31% used [0x0000000085600000,0x00000000868b1060,0x0000000089080000)
 Metaspace       used 33486K, capacity 35366K, committed 35456K, reserved 1079296K
  class space    used 4550K, capacity 4905K, committed 4992K, reserved 1048576K
}
Event: 2,562 GC heap before
{Heap before GC invocations=10 (full 1):
 PSYoungGen      total 119296K, used 16639K [0x00000000d7200000, 0x00000000df900000, 0x0000000100000000)
  eden space 104960K, 2% used [0x00000000d7200000,0x00000000d746a8d8,0x00000000dd880000)
  from space 14336K, 98% used [0x00000000de800000,0x00000000df5d56d8,0x00000000df600000)
  to   space 15872K, 0% used [0x00000000dd880000,0x00000000dd880000,0x00000000de800000)
 ParOldGen       total 59904K, used 19140K [0x0000000085600000, 0x0000000089080000, 0x00000000d7200000)
  object space 59904K, 31% used [0x0000000085600000,0x00000000868b1060,0x0000000089080000)
 Metaspace       used 33569K, capacity 35378K, committed 35496K, reserved 1079296K
  class space    used 4562K, capacity 4907K, committed 4992K, reserved 1048576K
Event: 2,571 GC heap after
Heap after GC invocations=10 (full 1):
 PSYoungGen      total 120832K, used 10928K [0x00000000d7200000, 0x00000000e2b00000, 0x0000000100000000)
  eden space 104960K, 0% used [0x00000000d7200000,0x00000000d7200000,0x00000000dd880000)
  from space 15872K, 68% used [0x00000000dd880000,0x00000000de32c010,0x00000000de800000)
  to   space 15872K, 0% used [0x00000000e1b80000,0x00000000e1b80000,0x00000000e2b00000)
 ParOldGen       total 59904K, used 21096K [0x0000000085600000, 0x0000000089080000, 0x00000000d7200000)
  object space 59904K, 35% used [0x0000000085600000,0x0000000086a9a090,0x0000000089080000)
 Metaspace       used 33569K, capacity 35378K, committed 35496K, reserved 1079296K
  class space    used 4562K, capacity 4907K, committed 4992K, reserved 1048576K
}
Event: 2,571 GC heap before
{Heap before GC invocations=11 (full 2):
 PSYoungGen      total 120832K, used 10928K [0x00000000d7200000, 0x00000000e2b00000, 0x0000000100000000)
  eden space 104960K, 0% used [0x00000000d7200000,0x00000000d7200000,0x00000000dd880000)
  from space 15872K, 68% used [0x00000000dd880000,0x00000000de32c010,0x00000000de800000)
  to   space 15872K, 0% used [0x00000000e1b80000,0x00000000e1b80000,0x00000000e2b00000)
 ParOldGen       total 59904K, used 21096K [0x0000000085600000, 0x0000000089080000, 0x00000000d7200000)
  object space 59904K, 35% used [0x0000000085600000,0x0000000086a9a090,0x0000000089080000)
 Metaspace       used 33569K, capacity 35378K, committed 35496K, reserved 1079296K
  class space    used 4562K, capacity 4907K, committed 4992K, reserved 1048576K
Event: 2,641 GC heap after
Heap after GC invocations=11 (full 2):
 PSYoungGen      total 120832K, used 0K [0x00000000d7200000, 0x00000000e2b00000, 0x0000000100000000)
  eden space 104960K, 0% used [0x00000000d7200000,0x00000000d7200000,0x00000000dd880000)
  from space 15872K, 0% used [0x00000000dd880000,0x00000000dd880000,0x00000000de800000)
  to   space 15872K, 0% used [0x00000000e1b80000,0x00000000e1b80000,0x00000000e2b00000)
 ParOldGen       total 84992K, used 22591K [0x0000000085600000, 0x000000008a900000, 0x00000000d7200000)
  object space 84992K, 26% used [0x0000000085600000,0x0000000086c0fdc0,0x000000008a900000)
 Metaspace       used 33569K, capacity 35378K, committed 35496K, reserved 1079296K
  class space    used 4562K, capacity 4907K, committed 4992K, reserved 1048576K
}

Deoptimization events (0 events):
No events

Classes redefined (0 events):
No events

Internal exceptions (10 events):
Event: 9,721 Thread 0x00007ff6a4c13800 Exception <a 'java/lang/ClassNotFoundException': org/springframework/web/servlet/support/SessionFlashMapManagerCustomizer> (0x00000000da911278) thrown at [/HUDSON/workspace/8-2-build-linux-amd64/jdk8u171/10807/hotspot/src/share/vm/classfile/systemDictiona
Event: 9,721 Thread 0x00007ff6a4c13800 Exception <a 'java/lang/ClassNotFoundException': org/springframework/web/servlet/FlashMapManagerCustomizer> (0x00000000da924550) thrown at [/HUDSON/workspace/8-2-build-linux-amd64/jdk8u171/10807/hotspot/src/share/vm/classfile/systemDictionary.cpp, line 21
Event: 9,731 Thread 0x00007ff6a4c13800 Exception <a 'java/lang/ClassNotFoundException': java/lang/ObjectCustomizer> (0x00000000daa26910) thrown at [/HUDSON/workspace/8-2-build-linux-amd64/jdk8u171/10807/hotspot/src/share/vm/classfile/systemDictionary.cpp, line 210]
Event: 9,731 Thread 0x00007ff6a4c13800 Exception <a 'java/lang/ClassNotFoundException': org/springframework/web/servlet/handler/HandlerMappingIntrospectorCustomizer> (0x00000000daa3e880) thrown at [/HUDSON/workspace/8-2-build-linux-amd64/jdk8u171/10807/hotspot/src/share/vm/classfile/systemDict
Event: 9,731 Thread 0x00007ff6a4c13800 Exception <a 'java/lang/ArrayIndexOutOfBoundsException'> (0x00000000daa41330) thrown at [/HUDSON/workspace/8-2-build-linux-amd64/jdk8u171/10807/hotspot/src/share/vm/runtime/sharedRuntime.cpp, line 605]
Event: 9,732 Thread 0x00007ff6a4c13800 Exception <a 'java/lang/ClassNotFoundException': org/springframework/web/cors/CorsConfigurationSourceCustomizer> (0x00000000daa58c38) thrown at [/HUDSON/workspace/8-2-build-linux-amd64/jdk8u171/10807/hotspot/src/share/vm/classfile/systemDictionary.cpp, li
Event: 9,732 Thread 0x00007ff6a4c13800 Exception <a 'java/lang/ClassNotFoundException': org/springframework/context/ApplicationContextAwareCustomizer> (0x00000000daa6ad48) thrown at [/HUDSON/workspace/8-2-build-linux-amd64/jdk8u171/10807/hotspot/src/share/vm/classfile/systemDictionary.cpp, lin
Event: 9,732 Thread 0x00007ff6a4c13800 Exception <a 'java/lang/ClassNotFoundException': org/springframework/beans/factory/InitializingBeanCustomizer> (0x00000000daa7d560) thrown at [/HUDSON/workspace/8-2-build-linux-amd64/jdk8u171/10807/hotspot/src/share/vm/classfile/systemDictionary.cpp, line
Event: 9,756 Thread 0x00007ff6a4c13800 Exception <a 'java/lang/NullPointerException'> (0x00000000dac7ba28) thrown at [/HUDSON/workspace/8-2-build-linux-amd64/jdk8u171/10807/hotspot/src/share/vm/interpreter/linkResolver.cpp, line 1185]
Event: 9,756 Thread 0x00007ff6a4c13800 Exception <a 'java/lang/reflect/InvocationTargetException'> (0x00000000dac7c000) thrown at [/HUDSON/workspace/8-2-build-linux-amd64/jdk8u171/10807/hotspot/src/share/vm/runtime/reflection.cpp, line 1092]

Events (10 events):
Event: 32,126 Thread 0x00007ff6a4b1e000 DEOPT UNPACKING pc=0x00007ff695047784 sp=0x00007ff613ffd170 mode 1
Event: 32,127 loading class org/apache/tomcat/PeriodicEventListener
Event: 32,127 loading class org/apache/tomcat/PeriodicEventListener done
Event: 32,127 Thread 0x00007ff6a4b1e000 DEOPT PACKING pc=0x00007ff6951f3589 sp=0x00007ff613ffd150
Event: 32,127 Thread 0x00007ff6a4b1e000 DEOPT UNPACKING pc=0x00007ff695047784 sp=0x00007ff613ffcec0 mode 1
Event: 32,127 Thread 0x00007ff6a4b1e000 DEOPT PACKING pc=0x00007ff6951b2074 sp=0x00007ff613ffd1d0
Event: 32,127 Thread 0x00007ff6a4b1e000 DEOPT UNPACKING pc=0x00007ff695047784 sp=0x00007ff613ffd010 mode 1
Event: 32,127 Thread 0x00007ff6a4b1e000 DEOPT PACKING pc=0x00007ff6951b1fbc sp=0x00007ff613ffd360
Event: 32,127 Thread 0x00007ff6a4b1e000 DEOPT UNPACKING pc=0x00007ff695047784 sp=0x00007ff613ffd1a0 mode 1
Event: 40,171 Executing VM operation: RedefineClasses


Dynamic libraries:
00400000-00401000 r-xp 00000000 08:08 9838013                            /usr/lib/jvm/java-8-oracle/bin/java
00600000-00601000 rw-p 00000000 08:08 9838013                            /usr/lib/jvm/java-8-oracle/bin/java
016ea000-0170b000 rw-p 00000000 00:00 0                                  [heap]
85600000-8a900000 rw-p 00000000 00:00 0 
8a900000-d7200000 ---p 00000000 00:00 0 
d7200000-e2b00000 rw-p 00000000 00:00 0 
e2b00000-100000000 ---p 00000000 00:00 0 
100000000-100540000 rw-p 00000000 00:00 0 
100540000-140000000 ---p 00000000 00:00 0 
7ff598000000-7ff598021000 rw-p 00000000 00:00 0 
7ff598021000-7ff59c000000 ---p 00000000 00:00 0 
7ff59c000000-7ff59c021000 rw-p 00000000 00:00 0 
7ff59c021000-7ff5a0000000 ---p 00000000 00:00 0 
7ff5a0000000-7ff5a0021000 rw-p 00000000 00:00 0 
7ff5a0021000-7ff5a4000000 ---p 00000000 00:00 0 
7ff5a4000000-7ff5a4021000 rw-p 00000000 00:00 0 
7ff5a4021000-7ff5a8000000 ---p 00000000 00:00 0 
7ff5a8000000-7ff5a8021000 rw-p 00000000 00:00 0 
7ff5a8021000-7ff5ac000000 ---p 00000000 00:00 0 
7ff5ac000000-7ff5ac021000 rw-p 00000000 00:00 0 
7ff5ac021000-7ff5b0000000 ---p 00000000 00:00 0 
7ff5b0000000-7ff5b0021000 rw-p 00000000 00:00 0 
7ff5b0021000-7ff5b4000000 ---p 00000000 00:00 0 
7ff5b4000000-7ff5b4021000 rw-p 00000000 00:00 0 
7ff5b4021000-7ff5b8000000 ---p 00000000 00:00 0 
7ff5b8000000-7ff5b8021000 rw-p 00000000 00:00 0 
7ff5b8021000-7ff5bc000000 ---p 00000000 00:00 0 
7ff5bc000000-7ff5bc021000 rw-p 00000000 00:00 0 
7ff5bc021000-7ff5c0000000 ---p 00000000 00:00 0 
7ff5c0000000-7ff5c0021000 rw-p 00000000 00:00 0 
7ff5c0021000-7ff5c4000000 ---p 00000000 00:00 0 
7ff5c4000000-7ff5c4021000 rw-p 00000000 00:00 0 
7ff5c4021000-7ff5c8000000 ---p 00000000 00:00 0 
7ff5c8000000-7ff5c8021000 rw-p 00000000 00:00 0 
7ff5c8021000-7ff5cc000000 ---p 00000000 00:00 0 
7ff5cc000000-7ff5cc021000 rw-p 00000000 00:00 0 
7ff5cc021000-7ff5d0000000 ---p 00000000 00:00 0 
7ff5d0000000-7ff5d0021000 rw-p 00000000 00:00 0 
7ff5d0021000-7ff5d4000000 ---p 00000000 00:00 0 
7ff5d4000000-7ff5d4021000 rw-p 00000000 00:00 0 
7ff5d4021000-7ff5d8000000 ---p 00000000 00:00 0 
7ff5d8000000-7ff5d8021000 rw-p 00000000 00:00 0 
7ff5d8021000-7ff5dc000000 ---p 00000000 00:00 0 
7ff5dc000000-7ff5dc021000 rw-p 00000000 00:00 0 
7ff5dc021000-7ff5e0000000 ---p 00000000 00:00 0 
7ff5e0000000-7ff5e0021000 rw-p 00000000 00:00 0 
7ff5e0021000-7ff5e4000000 ---p 00000000 00:00 0 
7ff5e4000000-7ff5e4021000 rw-p 00000000 00:00 0 
7ff5e4021000-7ff5e8000000 ---p 00000000 00:00 0 
7ff5e8000000-7ff5e8021000 rw-p 00000000 00:00 0 
7ff5e8021000-7ff5ec000000 ---p 00000000 00:00 0 
7ff5ec000000-7ff5ec021000 rw-p 00000000 00:00 0 
7ff5ec021000-7ff5f0000000 ---p 00000000 00:00 0 
7ff5f0000000-7ff5f0143000 rw-p 00000000 00:00 0 
7ff5f0143000-7ff5f4000000 ---p 00000000 00:00 0 
7ff5f4000000-7ff5f4021000 rw-p 00000000 00:00 0 
7ff5f4021000-7ff5f8000000 ---p 00000000 00:00 0 
7ff5f8000000-7ff5f838b000 rw-p 00000000 00:00 0 
7ff5f838b000-7ff5fc000000 ---p 00000000 00:00 0 
7ff5fc000000-7ff5fc021000 rw-p 00000000 00:00 0 
7ff5fc021000-7ff600000000 ---p 00000000 00:00 0 
7ff600000000-7ff600021000 rw-p 00000000 00:00 0 
7ff600021000-7ff604000000 ---p 00000000 00:00 0 
7ff604000000-7ff604021000 rw-p 00000000 00:00 0 
7ff604021000-7ff608000000 ---p 00000000 00:00 0 
7ff608000000-7ff608021000 rw-p 00000000 00:00 0 
7ff608021000-7ff60c000000 ---p 00000000 00:00 0 
7ff60c000000-7ff60c32c000 rw-p 00000000 00:00 0 
7ff60c32c000-7ff610000000 ---p 00000000 00:00 0 
7ff611ee3000-7ff611ee6000 ---p 00000000 00:00 0 
7ff611ee6000-7ff611fe4000 rw-p 00000000 00:00 0 
7ff611fe4000-7ff611fe7000 ---p 00000000 00:00 0 
7ff611fe7000-7ff6120e5000 rw-p 00000000 00:00 0 
7ff6120e5000-7ff6120e8000 ---p 00000000 00:00 0 
7ff6120e8000-7ff6121e6000 rw-p 00000000 00:00 0 
7ff6121e6000-7ff6121e9000 ---p 00000000 00:00 0 
7ff6121e9000-7ff6122e7000 rw-p 00000000 00:00 0 
7ff6122e7000-7ff6122ea000 ---p 00000000 00:00 0 
7ff6122ea000-7ff6123e8000 rw-p 00000000 00:00 0 
7ff6123e8000-7ff6123eb000 ---p 00000000 00:00 0 
7ff6123eb000-7ff6124e9000 rw-p 00000000 00:00 0 
7ff6124e9000-7ff6124ec000 ---p 00000000 00:00 0 
7ff6124ec000-7ff6125ea000 rw-p 00000000 00:00 0 
7ff6125ea000-7ff6125ed000 ---p 00000000 00:00 0 
7ff6125ed000-7ff6126eb000 rw-p 00000000 00:00 0 
7ff6126eb000-7ff6126ee000 ---p 00000000 00:00 0 
7ff6126ee000-7ff6127ec000 rw-p 00000000 00:00 0 
7ff6127ec000-7ff6127ef000 ---p 00000000 00:00 0 
7ff6127ef000-7ff6128ed000 rw-p 00000000 00:00 0 
7ff6128ed000-7ff6128f0000 ---p 00000000 00:00 0 
7ff6128f0000-7ff6129ee000 rw-p 00000000 00:00 0 
7ff6129ee000-7ff6129f1000 ---p 00000000 00:00 0 
7ff6129f1000-7ff612aef000 rw-p 00000000 00:00 0 
7ff612aef000-7ff612af2000 ---p 00000000 00:00 0 
7ff612af2000-7ff612bf0000 rw-p 00000000 00:00 0 
7ff612bf0000-7ff612bf3000 ---p 00000000 00:00 0 
7ff612bf3000-7ff612cf1000 rw-p 00000000 00:00 0 
7ff612cf1000-7ff612cf4000 ---p 00000000 00:00 0 
7ff612cf4000-7ff612df2000 rw-p 00000000 00:00 0 
7ff612df2000-7ff612df5000 ---p 00000000 00:00 0 
7ff612df5000-7ff612ef3000 rw-p 00000000 00:00 0 
7ff612ef3000-7ff612ef6000 ---p 00000000 00:00 0 
7ff612ef6000-7ff612ff4000 rw-p 00000000 00:00 0 
7ff612ff4000-7ff612ff7000 ---p 00000000 00:00 0 
7ff612ff7000-7ff6130f5000 rw-p 00000000 00:00 0 
7ff6130f5000-7ff6130f8000 ---p 00000000 00:00 0 
7ff6130f8000-7ff6131f6000 rw-p 00000000 00:00 0 
7ff6131f6000-7ff6131f9000 ---p 00000000 00:00 0 
7ff6131f9000-7ff6132f7000 rw-p 00000000 00:00 0 
7ff6132f7000-7ff6132fa000 ---p 00000000 00:00 0 
7ff6132fa000-7ff6133f8000 rw-p 00000000 00:00 0 
7ff6133f8000-7ff6133fb000 ---p 00000000 00:00 0 
7ff6133fb000-7ff6134f9000 rw-p 00000000 00:00 0 
7ff6134f9000-7ff6134fc000 ---p 00000000 00:00 0 
7ff6134fc000-7ff6135fa000 rw-p 00000000 00:00 0 
7ff6135fa000-7ff6135fd000 ---p 00000000 00:00 0 
7ff6135fd000-7ff6136fb000 rw-p 00000000 00:00 0 
7ff6136fb000-7ff6136fe000 ---p 00000000 00:00 0 
7ff6136fe000-7ff6139fc000 rw-p 00000000 00:00 0 
7ff6139fc000-7ff613bfc000 rw-p 00000000 00:00 0 
7ff613bfc000-7ff613bff000 ---p 00000000 00:00 0 
7ff613bff000-7ff613cfd000 rw-p 00000000 00:00 0 
7ff613cfd000-7ff613d00000 ---p 00000000 00:00 0 
7ff613d00000-7ff613dfe000 rw-p 00000000 00:00 0 
7ff613dfe000-7ff613e01000 ---p 00000000 00:00 0 
7ff613e01000-7ff613eff000 rw-p 00000000 00:00 0 
7ff613eff000-7ff613f02000 ---p 00000000 00:00 0 
7ff613f02000-7ff614000000 rw-p 00000000 00:00 0 
7ff614000000-7ff614021000 rw-p 00000000 00:00 0 
7ff614021000-7ff618000000 ---p 00000000 00:00 0 
7ff618000000-7ff618021000 rw-p 00000000 00:00 0 
7ff618021000-7ff61c000000 ---p 00000000 00:00 0 
7ff61c000000-7ff61c021000 rw-p 00000000 00:00 0 
7ff61c021000-7ff620000000 ---p 00000000 00:00 0 
7ff620000000-7ff620021000 rw-p 00000000 00:00 0 
7ff620021000-7ff624000000 ---p 00000000 00:00 0 
7ff624000000-7ff624021000 rw-p 00000000 00:00 0 
7ff624021000-7ff628000000 ---p 00000000 00:00 0 
7ff628000000-7ff628468000 rw-p 00000000 00:00 0 
7ff628468000-7ff62c000000 ---p 00000000 00:00 0 
7ff62c000000-7ff62c021000 rw-p 00000000 00:00 0 
7ff62c021000-7ff630000000 ---p 00000000 00:00 0 
7ff630000000-7ff630021000 rw-p 00000000 00:00 0 
7ff630021000-7ff634000000 ---p 00000000 00:00 0 
7ff634000000-7ff634021000 rw-p 00000000 00:00 0 
7ff634021000-7ff638000000 ---p 00000000 00:00 0 
7ff638000000-7ff638021000 rw-p 00000000 00:00 0 
7ff638021000-7ff63c000000 ---p 00000000 00:00 0 
7ff63c0fe000-7ff63c2fe000 rw-p 00000000 00:00 0 
7ff63c2fe000-7ff63c4fe000 rw-p 00000000 00:00 0 
7ff63c4fe000-7ff63c6fe000 rw-p 00000000 00:00 0 
7ff63c6fe000-7ff63c8fe000 rw-p 00000000 00:00 0 
7ff63c8fe000-7ff63c901000 ---p 00000000 00:00 0 
7ff63c901000-7ff63cbff000 rw-p 00000000 00:00 0 
7ff63cbff000-7ff63cdff000 rw-p 00000000 00:00 0 
7ff63cdff000-7ff63cfff000 rw-p 00000000 00:00 0 
7ff63cfff000-7ff640000000 rw-p 00000000 00:00 0 
7ff640000000-7ff640021000 rw-p 00000000 00:00 0 
7ff640021000-7ff644000000 ---p 00000000 00:00 0 
7ff644000000-7ff64464e000 rw-p 00000000 00:00 0 
7ff64464e000-7ff648000000 ---p 00000000 00:00 0 
7ff648000000-7ff64806e000 rw-p 00000000 00:00 0 
7ff64806e000-7ff64c000000 ---p 00000000 00:00 0 
7ff64c000000-7ff64c021000 rw-p 00000000 00:00 0 
7ff64c021000-7ff650000000 ---p 00000000 00:00 0 
7ff650000000-7ff650021000 rw-p 00000000 00:00 0 
7ff650021000-7ff654000000 ---p 00000000 00:00 0 
7ff654000000-7ff654021000 rw-p 00000000 00:00 0 
7ff654021000-7ff658000000 ---p 00000000 00:00 0 
7ff658000000-7ff658021000 rw-p 00000000 00:00 0 
7ff658021000-7ff65c000000 ---p 00000000 00:00 0 
7ff65c000000-7ff65c027000 rw-p 00000000 00:00 0 
7ff65c027000-7ff660000000 ---p 00000000 00:00 0 
7ff660000000-7ff660021000 rw-p 00000000 00:00 0 
7ff660021000-7ff664000000 ---p 00000000 00:00 0 
7ff664000000-7ff664021000 rw-p 00000000 00:00 0 
7ff664021000-7ff668000000 ---p 00000000 00:00 0 
7ff668000000-7ff668021000 rw-p 00000000 00:00 0 
7ff668021000-7ff66c000000 ---p 00000000 00:00 0 
7ff66c000000-7ff66c29d000 rw-p 00000000 00:00 0 
7ff66c29d000-7ff670000000 ---p 00000000 00:00 0 
7ff670000000-7ff670021000 rw-p 00000000 00:00 0 
7ff670021000-7ff674000000 ---p 00000000 00:00 0 
7ff67405d000-7ff674062000 r--s 002f9000 08:08 11675093                   /usr/lib/jvm/java-8-oracle/jre/lib/charsets.jar
7ff674062000-7ff674075000 r--s 00345000 08:08 11675099                   /usr/lib/jvm/java-8-oracle/jre/lib/resources.jar
7ff674075000-7ff674275000 rw-p 00000000 00:00 0 
7ff674275000-7ff67430a000 r--s 0110b000 08:08 13240421                   /usr/lib/jvm/java-8-oracle/jre/lib/ext/jfxrt.jar
7ff67430a000-7ff67450a000 rw-p 00000000 00:00 0 
7ff67450a000-7ff67450d000 ---p 00000000 00:00 0 
7ff67450d000-7ff67460b000 rw-p 00000000 00:00 0 
7ff67460b000-7ff674627000 r--s 00393000 08:08 13240420                   /usr/lib/jvm/java-8-oracle/jre/lib/ext/cldrdata.jar
7ff674627000-7ff67462a000 ---p 00000000 00:00 0 
7ff67462a000-7ff674728000 rw-p 00000000 00:00 0 
7ff674728000-7ff67472b000 ---p 00000000 00:00 0 
7ff67472b000-7ff674829000 rw-p 00000000 00:00 0 
7ff674829000-7ff67482c000 ---p 00000000 00:00 0 
7ff67482c000-7ff67492a000 rw-p 00000000 00:00 0 
7ff67492a000-7ff67492d000 ---p 00000000 00:00 0 
7ff67492d000-7ff674c2b000 rw-p 00000000 00:00 0 
7ff674c2b000-7ff674c2c000 ---p 00000000 00:00 0 
7ff674c2c000-7ff674d2c000 rw-p 00000000 00:00 0 
7ff674d2c000-7ff674d2f000 ---p 00000000 00:00 0 
7ff674d2f000-7ff674e2d000 rw-p 00000000 00:00 0 
7ff674e2d000-7ff674e37000 r--s 00116000 08:08 13240427                   /usr/lib/jvm/java-8-oracle/jre/lib/ext/localedata.jar
7ff674e37000-7ff674e3a000 ---p 00000000 00:00 0 
7ff674e3a000-7ff674f38000 rw-p 00000000 00:00 0 
7ff674f38000-7ff674f3b000 ---p 00000000 00:00 0 
7ff674f3b000-7ff675039000 rw-p 00000000 00:00 0 
7ff675039000-7ff67503e000 r--s 0009d000 08:08 11675100                   /usr/lib/jvm/java-8-oracle/jre/lib/jsse.jar
7ff67503e000-7ff675040000 r--s 00004000 08:08 15336443                   /home/ramiro/.m2/repository/org/springframework/spring-jcl/5.0.6.RELEASE/spring-jcl-5.0.6.RELEASE.jar
7ff675040000-7ff675058000 r--s 00114000 08:08 15336441                   /home/ramiro/.m2/repository/org/springframework/spring-core/5.0.6.RELEASE/spring-core-5.0.6.RELEASE.jar
7ff675058000-7ff67506d000 r--s 00161000 08:08 15336403                   /home/ramiro/.m2/repository/org/projectlombok/lombok/1.16.20/lombok-1.16.20.jar
7ff67506d000-7ff67506e000 r--s 00004000 08:08 14812401                   /home/ramiro/.m2/repository/org/springframework/plugin/spring-plugin-core/1.2.0.RELEASE/spring-plugin-core-1.2.0.RELEASE.jar
7ff67506e000-7ff675070000 r--s 00009000 08:08 15336419                   /home/ramiro/.m2/repository/org/slf4j/slf4j-api/1.7.25/slf4j-api-1.7.25.jar
7ff675070000-7ff675075000 r--s 0002e000 08:08 14550022                   /home/ramiro/.m2/repository/org/springframework/hateoas/spring-hateoas/0.24.0.RELEASE/spring-hateoas-0.24.0.RELEASE.jar
7ff675075000-7ff675076000 r--s 00000000 08:08 14424807                   /home/ramiro/.m2/repository/org/springframework/boot/spring-boot-starter-hateoas/2.0.2.RELEASE/spring-boot-starter-hateoas-2.0.2.RELEASE.jar
7ff675076000-7ff675078000 r--s 00006000 08:08 15076889                   /home/ramiro/.m2/repository/org/latencyutils/LatencyUtils/2.0.3/LatencyUtils-2.0.3.jar
7ff675078000-7ff67507a000 r--s 0001b000 08:08 15076887                   /home/ramiro/.m2/repository/org/hdrhistogram/HdrHistogram/2.1.10/HdrHistogram-2.1.10.jar
7ff67507a000-7ff675082000 r--s 0004f000 08:08 14948947                   /home/ramiro/.m2/repository/io/micrometer/micrometer-core/1.0.4/micrometer-core-1.0.4.jar
7ff675082000-7ff675090000 r--s 00063000 08:08 14684772                   /home/ramiro/.m2/repository/org/springframework/boot/spring-boot-actuator/2.0.2.RELEASE/spring-boot-actuator-2.0.2.RELEASE.jar
7ff675090000-7ff67509d000 r--s 0004f000 08:08 14554972                   /home/ramiro/.m2/repository/org/springframework/boot/spring-boot-actuator-autoconfigure/2.0.2.RELEASE/spring-boot-actuator-autoconfigure-2.0.2.RELEASE.jar
7ff67509d000-7ff6750a2000 r--s 00040000 08:08 15336401                   /home/ramiro/.m2/repository/org/springframework/spring-expression/5.0.6.RELEASE/spring-expression-5.0.6.RELEASE.jar
7ff6750a2000-7ff6750bc000 r--s 000f1000 08:08 15336399                   /home/ramiro/.m2/repository/org/springframework/spring-context/5.0.6.RELEASE/spring-context-5.0.6.RELEASE.jar
7ff6750bc000-7ff6750c5000 r--s 00051000 08:08 15336397                   /home/ramiro/.m2/repository/org/springframework/spring-aop/5.0.6.RELEASE/spring-aop-5.0.6.RELEASE.jar
7ff6750c5000-7ff6750d4000 r--s 000b2000 08:08 15336395                   /home/ramiro/.m2/repository/org/springframework/spring-webmvc/5.0.6.RELEASE/spring-webmvc-5.0.6.RELEASE.jar
7ff6750d4000-7ff6750e0000 r--s 00096000 08:08 15336393                   /home/ramiro/.m2/repository/org/springframework/spring-beans/5.0.6.RELEASE/spring-beans-5.0.6.RELEASE.jar
7ff6750e0000-7ff6750fa000 r--s 00119000 08:08 15336391                   /home/ramiro/.m2/repository/org/springframework/spring-web/5.0.6.RELEASE/spring-web-5.0.6.RELEASE.jar
7ff6750fa000-7ff6750fc000 r--s 0000e000 08:08 14812273                   /home/ramiro/.m2/repository/com/fasterxml/classmate/1.3.4/classmate-1.3.4.jar
7ff6750fc000-7ff675101000 r--s 00012000 08:08 15336387                   /home/ramiro/.m2/repository/javax/validation/validation-api/2.0.1.Final/validation-api-2.0.1.Final.jar
7ff675101000-7ff67511e000 r--s 000f8000 08:08 15336385                   /home/ramiro/.m2/repository/org/hibernate/validator/hibernate-validator/6.0.9.Final/hibernate-validator-6.0.9.Final.jar
7ff67511e000-7ff675123000 r--s 0003a000 08:08 15336383                   /home/ramiro/.m2/repository/org/apache/tomcat/embed/tomcat-embed-websocket/8.5.31/tomcat-embed-websocket-8.5.31.jar
7ff675123000-7ff675127000 r--s 00037000 08:08 15336381                   /home/ramiro/.m2/repository/org/apache/tomcat/embed/tomcat-embed-el/8.5.31/tomcat-embed-el-8.5.31.jar
7ff675127000-7ff675150000 r--s 002d0000 08:08 15336379                   /home/ramiro/.m2/repository/org/apache/tomcat/embed/tomcat-embed-core/8.5.31/tomcat-embed-core-8.5.31.jar
7ff675150000-7ff675163000 r--s 00135000 08:08 15336365                   /home/ramiro/.m2/repository/com/fasterxml/jackson/core/jackson-databind/2.9.5/jackson-databind-2.9.5.jar
7ff675163000-7ff675184000 r--s 000fb000 08:08 15336345                   /home/ramiro/.m2/repository/org/springframework/boot/spring-boot-autoconfigure/2.0.2.RELEASE/spring-boot-autoconfigure-2.0.2.RELEASE.jar
7ff675184000-7ff675195000 r-xp 00000000 08:08 14418358                   /usr/lib/jvm/java-8-oracle/jre/lib/amd64/libnio.so
7ff675195000-7ff675394000 ---p 00011000 08:08 14418358                   /usr/lib/jvm/java-8-oracle/jre/lib/amd64/libnio.so
7ff675394000-7ff675395000 rw-p 00010000 08:08 14418358                   /usr/lib/jvm/java-8-oracle/jre/lib/amd64/libnio.so
7ff675395000-7ff6753ab000 r-xp 00000000 08:08 14418355                   /usr/lib/jvm/java-8-oracle/jre/lib/amd64/libnet.so
7ff6753ab000-7ff6755ab000 ---p 00016000 08:08 14418355                   /usr/lib/jvm/java-8-oracle/jre/lib/amd64/libnet.so
7ff6755ab000-7ff6755ac000 rw-p 00016000 08:08 14418355                   /usr/lib/jvm/java-8-oracle/jre/lib/amd64/libnet.so
7ff6755ac000-7ff6755b5000 r-xp 00000000 08:08 14418363                   /usr/lib/jvm/java-8-oracle/jre/lib/amd64/libmanagement.so
7ff6755b5000-7ff6757b4000 ---p 00009000 08:08 14418363                   /usr/lib/jvm/java-8-oracle/jre/lib/amd64/libmanagement.so
7ff6757b4000-7ff6757b5000 rw-p 00008000 08:08 14418363                   /usr/lib/jvm/java-8-oracle/jre/lib/amd64/libmanagement.so
7ff6757b5000-7ff6757b8000 ---p 00000000 00:00 0 
7ff6757b8000-7ff6758b6000 rw-p 00000000 00:00 0 
7ff6758b6000-7ff6758b7000 ---p 00000000 00:00 0 
7ff6758b7000-7ff6758ba000 ---p 00000000 00:00 0 
7ff6758ba000-7ff6759b7000 rw-p 00000000 00:00 0 
7ff6759b7000-7ff6759b8000 ---p 00000000 00:00 0 
7ff6759b8000-7ff6759bb000 ---p 00000000 00:00 0 
7ff6759bb000-7ff675ab8000 rw-p 00000000 00:00 0 
7ff675ab8000-7ff675ab9000 ---p 00000000 00:00 0 
7ff675ab9000-7ff675abc000 ---p 00000000 00:00 0 
7ff675abc000-7ff675bb9000 rw-p 00000000 00:00 0 
7ff675bb9000-7ff675bba000 ---p 00000000 00:00 0 
7ff675bba000-7ff675bbd000 ---p 00000000 00:00 0 
7ff675bbd000-7ff675cba000 rw-p 00000000 00:00 0 
7ff675cba000-7ff675cbd000 ---p 00000000 00:00 0 
7ff675cbd000-7ff675dbb000 rw-p 00000000 00:00 0 
7ff675dbb000-7ff675dbe000 ---p 00000000 00:00 0 
7ff675dbe000-7ff675ebc000 rw-p 00000000 00:00 0 
7ff675ebc000-7ff675ebf000 ---p 00000000 00:00 0 
7ff675ebf000-7ff675fbd000 rw-p 00000000 00:00 0 
7ff675fbd000-7ff675fc1000 r-xp 00000000 08:08 14418318                   /usr/lib/jvm/java-8-oracle/jre/lib/amd64/libdt_socket.so
7ff675fc1000-7ff6761c0000 ---p 00004000 08:08 14418318                   /usr/lib/jvm/java-8-oracle/jre/lib/amd64/libdt_socket.so
7ff6761c0000-7ff6761c1000 rw-p 00003000 08:08 14418318                   /usr/lib/jvm/java-8-oracle/jre/lib/amd64/libdt_socket.so
7ff6761c1000-7ff6761c4000 ---p 00000000 00:00 0 
7ff6761c4000-7ff6762c2000 rw-p 00000000 00:00 0 
7ff6762c2000-7ff6762c5000 ---p 00000000 00:00 0 
7ff6762c5000-7ff6763c3000 rw-p 00000000 00:00 0 
7ff6763c3000-7ff6763c6000 ---p 00000000 00:00 0 
7ff6763c6000-7ff6764c4000 rw-p 00000000 00:00 0 
7ff6764c4000-7ff6764c5000 ---p 00000000 00:00 0 
7ff6764c5000-7ff678000000 rw-p 00000000 00:00 0 
7ff678000000-7ff678021000 rw-p 00000000 00:00 0 
7ff678021000-7ff67c000000 ---p 00000000 00:00 0 
7ff67c000000-7ff67c021000 rw-p 00000000 00:00 0 
7ff67c021000-7ff680000000 ---p 00000000 00:00 0 
7ff680000000-7ff680021000 rw-p 00000000 00:00 0 
7ff680021000-7ff684000000 ---p 00000000 00:00 0 
7ff684000000-7ff684001000 r--s 00000000 08:08 14424790                   /home/ramiro/.m2/repository/org/springframework/boot/spring-boot-starter-actuator/2.0.2.RELEASE/spring-boot-starter-actuator-2.0.2.RELEASE.jar
7ff684001000-7ff684003000 r--s 0000f000 08:08 15336389                   /home/ramiro/.m2/repository/org/jboss/logging/jboss-logging/3.3.2.Final/jboss-logging-3.3.2.Final.jar
7ff684003000-7ff684005000 r--s 00001000 08:08 15336375                   /home/ramiro/.m2/repository/com/fasterxml/jackson/module/jackson-module-parameter-names/2.9.5/jackson-module-parameter-names-2.9.5.jar
7ff684005000-7ff684009000 r--s 0004b000 08:08 15336369                   /home/ramiro/.m2/repository/com/fasterxml/jackson/core/jackson-core/2.9.5/jackson-core-2.9.5.jar
7ff684009000-7ff684010000 r--s 00042000 08:08 15336361                   /home/ramiro/.m2/repository/org/yaml/snakeyaml/1.19/snakeyaml-1.19.jar
7ff684010000-7ff6840d6000 rw-p 00000000 00:00 0 
7ff6840d6000-7ff6842b0000 r--s 03d68000 08:08 11675095                   /usr/lib/jvm/java-8-oracle/jre/lib/rt.jar
7ff6842b0000-7ff688000000 rw-p 00000000 00:00 0 
7ff688000000-7ff688021000 rw-p 00000000 00:00 0 
7ff688021000-7ff68c000000 ---p 00000000 00:00 0 
7ff68c000000-7ff68c021000 rw-p 00000000 00:00 0 
7ff68c021000-7ff690000000 ---p 00000000 00:00 0 
7ff690000000-7ff690021000 rw-p 00000000 00:00 0 
7ff690021000-7ff694000000 ---p 00000000 00:00 0 
7ff694000000-7ff694003000 r--s 00016000 08:08 15336373                   /home/ramiro/.m2/repository/com/fasterxml/jackson/datatype/jackson-datatype-jsr310/2.9.5/jackson-datatype-jsr310-2.9.5.jar
7ff694003000-7ff694006000 r--s 0000e000 08:08 15336367                   /home/ramiro/.m2/repository/com/fasterxml/jackson/core/jackson-annotations/2.9.0/jackson-annotations-2.9.0.jar
7ff694006000-7ff694cfd000 rw-p 00000000 00:00 0 
7ff694cfd000-7ff694cfe000 ---p 00000000 00:00 0 
7ff694cfe000-7ff694dfe000 rw-p 00000000 00:00 0 
7ff694dfe000-7ff694dff000 ---p 00000000 00:00 0 
7ff694dff000-7ff694eff000 rw-p 00000000 00:00 0 
7ff694eff000-7ff694f00000 ---p 00000000 00:00 0 
7ff694f00000-7ff695000000 rw-p 00000000 00:00 0 
7ff695000000-7ff695830000 rwxp 00000000 00:00 0 
7ff695830000-7ff6a4000000 ---p 00000000 00:00 0 
7ff6a4000000-7ff6a4c67000 rw-p 00000000 00:00 0 
7ff6a4c67000-7ff6a8000000 ---p 00000000 00:00 0 
7ff6a8000000-7ff6a8002000 r--s 00007000 08:08 15336371                   /home/ramiro/.m2/repository/com/fasterxml/jackson/datatype/jackson-datatype-jdk8/2.9.5/jackson-datatype-jdk8-2.9.5.jar
7ff6a8002000-7ff6a8008000 r--s 00039000 08:08 15336355                   /home/ramiro/.m2/repository/org/apache/logging/log4j/log4j-api/2.10.0/log4j-api-2.10.0.jar
7ff6a8008000-7ff6a8013000 r--s 00069000 08:08 15336351                   /home/ramiro/.m2/repository/ch/qos/logback/logback-core/1.2.3/logback-core-1.2.3.jar
7ff6a8013000-7ff6a80d8000 rw-p 00000000 00:00 0 
7ff6a80d8000-7ff6a80d9000 ---p 00000000 00:00 0 
7ff6a80d9000-7ff6a81d9000 rw-p 00000000 00:00 0 
7ff6a81d9000-7ff6a81da000 ---p 00000000 00:00 0 
7ff6a81da000-7ff6a82da000 rw-p 00000000 00:00 0 
7ff6a82da000-7ff6a82db000 ---p 00000000 00:00 0 
7ff6a82db000-7ff6a83db000 rw-p 00000000 00:00 0 
7ff6a83db000-7ff6a83dc000 ---p 00000000 00:00 0 
7ff6a83dc000-7ff6a84dc000 rw-p 00000000 00:00 0 
7ff6a84dc000-7ff6a84dd000 ---p 00000000 00:00 0 
7ff6a84dd000-7ff6a8607000 rw-p 00000000 00:00 0 
7ff6a8607000-7ff6a886b000 ---p 00000000 00:00 0 
7ff6a886b000-7ff6a8895000 rw-p 00000000 00:00 0 
7ff6a8895000-7ff6a8af9000 ---p 00000000 00:00 0 
7ff6a8af9000-7ff6a8b56000 rw-p 00000000 00:00 0 
7ff6a8b56000-7ff6a8c40000 ---p 00000000 00:00 0 
7ff6a8c40000-7ff6a8c62000 rw-p 00000000 00:00 0 
7ff6a8c62000-7ff6a9001000 ---p 00000000 00:00 0 
7ff6a9001000-7ff6a901c000 r-xp 00000000 08:08 14418351                   /usr/lib/jvm/java-8-oracle/jre/lib/amd64/libzip.so
7ff6a901c000-7ff6a921c000 ---p 0001b000 08:08 14418351                   /usr/lib/jvm/java-8-oracle/jre/lib/amd64/libzip.so
7ff6a921c000-7ff6a921d000 rw-p 0001b000 08:08 14418351                   /usr/lib/jvm/java-8-oracle/jre/lib/amd64/libzip.so
7ff6a921d000-7ff6a9228000 r-xp 00000000 08:08 7082679                    /lib/x86_64-linux-gnu/libnss_files-2.27.so
7ff6a9228000-7ff6a9427000 ---p 0000b000 08:08 7082679                    /lib/x86_64-linux-gnu/libnss_files-2.27.so
7ff6a9427000-7ff6a9428000 r--p 0000a000 08:08 7082679                    /lib/x86_64-linux-gnu/libnss_files-2.27.so
7ff6a9428000-7ff6a9429000 rw-p 0000b000 08:08 7082679                    /lib/x86_64-linux-gnu/libnss_files-2.27.so
7ff6a9429000-7ff6a942f000 rw-p 00000000 00:00 0 
7ff6a942f000-7ff6a9446000 r-xp 00000000 08:08 7082673                    /lib/x86_64-linux-gnu/libnsl-2.27.so
7ff6a9446000-7ff6a9645000 ---p 00017000 08:08 7082673                    /lib/x86_64-linux-gnu/libnsl-2.27.so
7ff6a9645000-7ff6a9646000 r--p 00016000 08:08 7082673                    /lib/x86_64-linux-gnu/libnsl-2.27.so
7ff6a9646000-7ff6a9647000 rw-p 00017000 08:08 7082673                    /lib/x86_64-linux-gnu/libnsl-2.27.so
7ff6a9647000-7ff6a9649000 rw-p 00000000 00:00 0 
7ff6a9649000-7ff6a9654000 r-xp 00000000 08:08 7082690                    /lib/x86_64-linux-gnu/libnss_nis-2.27.so
7ff6a9654000-7ff6a9853000 ---p 0000b000 08:08 7082690                    /lib/x86_64-linux-gnu/libnss_nis-2.27.so
7ff6a9853000-7ff6a9854000 r--p 0000a000 08:08 7082690                    /lib/x86_64-linux-gnu/libnss_nis-2.27.so
7ff6a9854000-7ff6a9855000 rw-p 0000b000 08:08 7082690                    /lib/x86_64-linux-gnu/libnss_nis-2.27.so
7ff6a9855000-7ff6a985d000 r-xp 00000000 08:08 7082675                    /lib/x86_64-linux-gnu/libnss_compat-2.27.so
7ff6a985d000-7ff6a9a5d000 ---p 00008000 08:08 7082675                    /lib/x86_64-linux-gnu/libnss_compat-2.27.so
7ff6a9a5d000-7ff6a9a5e000 r--p 00008000 08:08 7082675                    /lib/x86_64-linux-gnu/libnss_compat-2.27.so
7ff6a9a5e000-7ff6a9a5f000 rw-p 00009000 08:08 7082675                    /lib/x86_64-linux-gnu/libnss_compat-2.27.so
7ff6a9a5f000-7ff6aa0ea000 r--p 00000000 08:08 9706288                    /usr/lib/locale/locale-archive
7ff6aa0ea000-7ff6aa0ec000 r-xp 00000000 08:08 14418320                   /usr/lib/jvm/java-8-oracle/jre/lib/amd64/libnpt.so
7ff6aa0ec000-7ff6aa2ec000 ---p 00002000 08:08 14418320                   /usr/lib/jvm/java-8-oracle/jre/lib/amd64/libnpt.so
7ff6aa2ec000-7ff6aa2ed000 rw-p 00002000 08:08 14418320                   /usr/lib/jvm/java-8-oracle/jre/lib/amd64/libnpt.so
7ff6aa2ed000-7ff6aa327000 r-xp 00000000 08:08 14418338                   /usr/lib/jvm/java-8-oracle/jre/lib/amd64/libjdwp.so
7ff6aa327000-7ff6aa526000 ---p 0003a000 08:08 14418338                   /usr/lib/jvm/java-8-oracle/jre/lib/amd64/libjdwp.so
7ff6aa526000-7ff6aa527000 rw-p 00039000 08:08 14418338                   /usr/lib/jvm/java-8-oracle/jre/lib/amd64/libjdwp.so
7ff6aa527000-7ff6aa528000 rw-p 00000000 00:00 0 
7ff6aa528000-7ff6aa553000 r-xp 00000000 08:08 14418345                   /usr/lib/jvm/java-8-oracle/jre/lib/amd64/libjava.so
7ff6aa553000-7ff6aa752000 ---p 0002b000 08:08 14418345                   /usr/lib/jvm/java-8-oracle/jre/lib/amd64/libjava.so
7ff6aa752000-7ff6aa754000 rw-p 0002a000 08:08 14418345                   /usr/lib/jvm/java-8-oracle/jre/lib/amd64/libjava.so
7ff6aa754000-7ff6aa761000 r-xp 00000000 08:08 14418350                   /usr/lib/jvm/java-8-oracle/jre/lib/amd64/libverify.so
7ff6aa761000-7ff6aa961000 ---p 0000d000 08:08 14418350                   /usr/lib/jvm/java-8-oracle/jre/lib/amd64/libverify.so
7ff6aa961000-7ff6aa963000 rw-p 0000d000 08:08 14418350                   /usr/lib/jvm/java-8-oracle/jre/lib/amd64/libverify.so
7ff6aa963000-7ff6aa96a000 r-xp 00000000 08:08 7082730                    /lib/x86_64-linux-gnu/librt-2.27.so
7ff6aa96a000-7ff6aab69000 ---p 00007000 08:08 7082730                    /lib/x86_64-linux-gnu/librt-2.27.so
7ff6aab69000-7ff6aab6a000 r--p 00006000 08:08 7082730                    /lib/x86_64-linux-gnu/librt-2.27.so
7ff6aab6a000-7ff6aab6b000 rw-p 00007000 08:08 7082730                    /lib/x86_64-linux-gnu/librt-2.27.so
7ff6aab6b000-7ff6aad08000 r-xp 00000000 08:08 7082652                    /lib/x86_64-linux-gnu/libm-2.27.so
7ff6aad08000-7ff6aaf07000 ---p 0019d000 08:08 7082652                    /lib/x86_64-linux-gnu/libm-2.27.so
7ff6aaf07000-7ff6aaf08000 r--p 0019c000 08:08 7082652                    /lib/x86_64-linux-gnu/libm-2.27.so
7ff6aaf08000-7ff6aaf09000 rw-p 0019d000 08:08 7082652                    /lib/x86_64-linux-gnu/libm-2.27.so
7ff6aaf09000-7ff6abbe2000 r-xp 00000000 08:08 14418327                   /usr/lib/jvm/java-8-oracle/jre/lib/amd64/server/libjvm.so
7ff6abbe2000-7ff6abde1000 ---p 00cd9000 08:08 14418327                   /usr/lib/jvm/java-8-oracle/jre/lib/amd64/server/libjvm.so
7ff6abde1000-7ff6abebb000 rw-p 00cd8000 08:08 14418327                   /usr/lib/jvm/java-8-oracle/jre/lib/amd64/server/libjvm.so
7ff6abebb000-7ff6abf06000 rw-p 00000000 00:00 0 
7ff6abf06000-7ff6ac0ed000 r-xp 00000000 08:08 7082589                    /lib/x86_64-linux-gnu/libc-2.27.so
7ff6ac0ed000-7ff6ac2ed000 ---p 001e7000 08:08 7082589                    /lib/x86_64-linux-gnu/libc-2.27.so
7ff6ac2ed000-7ff6ac2f1000 r--p 001e7000 08:08 7082589                    /lib/x86_64-linux-gnu/libc-2.27.so
7ff6ac2f1000-7ff6ac2f3000 rw-p 001eb000 08:08 7082589                    /lib/x86_64-linux-gnu/libc-2.27.so
7ff6ac2f3000-7ff6ac2f7000 rw-p 00000000 00:00 0 
7ff6ac2f7000-7ff6ac2fa000 r-xp 00000000 08:08 7082612                    /lib/x86_64-linux-gnu/libdl-2.27.so
7ff6ac2fa000-7ff6ac4f9000 ---p 00003000 08:08 7082612                    /lib/x86_64-linux-gnu/libdl-2.27.so
7ff6ac4f9000-7ff6ac4fa000 r--p 00002000 08:08 7082612                    /lib/x86_64-linux-gnu/libdl-2.27.so
7ff6ac4fa000-7ff6ac4fb000 rw-p 00003000 08:08 7082612                    /lib/x86_64-linux-gnu/libdl-2.27.so
7ff6ac4fb000-7ff6ac511000 r-xp 00000000 08:08 11542957                   /usr/lib/jvm/java-8-oracle/lib/amd64/jli/libjli.so
7ff6ac511000-7ff6ac710000 ---p 00016000 08:08 11542957                   /usr/lib/jvm/java-8-oracle/lib/amd64/jli/libjli.so
7ff6ac710000-7ff6ac711000 rw-p 00015000 08:08 11542957                   /usr/lib/jvm/java-8-oracle/lib/amd64/jli/libjli.so
7ff6ac711000-7ff6ac72b000 r-xp 00000000 08:08 7082722                    /lib/x86_64-linux-gnu/libpthread-2.27.so
7ff6ac72b000-7ff6ac92a000 ---p 0001a000 08:08 7082722                    /lib/x86_64-linux-gnu/libpthread-2.27.so
7ff6ac92a000-7ff6ac92b000 r--p 00019000 08:08 7082722                    /lib/x86_64-linux-gnu/libpthread-2.27.so
7ff6ac92b000-7ff6ac92c000 rw-p 0001a000 08:08 7082722                    /lib/x86_64-linux-gnu/libpthread-2.27.so
7ff6ac92c000-7ff6ac930000 rw-p 00000000 00:00 0 
7ff6ac930000-7ff6ac957000 r-xp 00000000 08:08 7082561                    /lib/x86_64-linux-gnu/ld-2.27.so
7ff6ac957000-7ff6ac958000 r--s 00000000 08:08 15336377                   /home/ramiro/.m2/repository/org/springframework/boot/spring-boot-starter-tomcat/2.0.2.RELEASE/spring-boot-starter-tomcat-2.0.2.RELEASE.jar
7ff6ac958000-7ff6ac959000 r--s 00000000 08:08 15336363                   /home/ramiro/.m2/repository/org/springframework/boot/spring-boot-starter-json/2.0.2.RELEASE/spring-boot-starter-json-2.0.2.RELEASE.jar
7ff6ac959000-7ff6ac96e000 r--s 000ce000 08:08 15336343                   /home/ramiro/.m2/repository/org/springframework/boot/spring-boot/2.0.2.RELEASE/spring-boot-2.0.2.RELEASE.jar
7ff6ac96e000-7ff6aca39000 rw-p 00000000 00:00 0 
7ff6aca39000-7ff6aca3a000 ---p 00000000 00:00 0 
7ff6aca3a000-7ff6aca3d000 ---p 00000000 00:00 0 
7ff6aca3d000-7ff6acb3e000 rw-p 00000000 00:00 0 
7ff6acb3e000-7ff6acb40000 r--s 00005000 08:08 15336359                   /home/ramiro/.m2/repository/javax/annotation/javax.annotation-api/1.3.2/javax.annotation-api-1.3.2.jar
7ff6acb40000-7ff6acb42000 r--s 00000000 08:08 15336357                   /home/ramiro/.m2/repository/org/slf4j/jul-to-slf4j/1.7.25/jul-to-slf4j-1.7.25.jar
7ff6acb42000-7ff6acb44000 r--s 00003000 08:08 15336353                   /home/ramiro/.m2/repository/org/apache/logging/log4j/log4j-to-slf4j/2.10.0/log4j-to-slf4j-2.10.0.jar
7ff6acb44000-7ff6acb4a000 r--s 00041000 08:08 15336349                   /home/ramiro/.m2/repository/ch/qos/logback/logback-classic/1.2.3/logback-classic-1.2.3.jar
7ff6acb4a000-7ff6acb4b000 r--s 00000000 08:08 15336347                   /home/ramiro/.m2/repository/org/springframework/boot/spring-boot-starter-logging/2.0.2.RELEASE/spring-boot-starter-logging-2.0.2.RELEASE.jar
7ff6acb4b000-7ff6acb4c000 r--s 00000000 08:08 15336341                   /home/ramiro/.m2/repository/org/springframework/boot/spring-boot-starter/2.0.2.RELEASE/spring-boot-starter-2.0.2.RELEASE.jar
7ff6acb4c000-7ff6acb4d000 r--s 00000000 08:08 15336339                   /home/ramiro/.m2/repository/org/springframework/boot/spring-boot-starter-web/2.0.2.RELEASE/spring-boot-starter-web-2.0.2.RELEASE.jar
7ff6acb4d000-7ff6acb55000 rw-s 00000000 08:08 8913357                    /tmp/hsperfdata_ramiro/8717
7ff6acb55000-7ff6acb56000 rw-p 00000000 00:00 0 
7ff6acb56000-7ff6acb57000 ---p 00000000 00:00 0 
7ff6acb57000-7ff6acb58000 r--p 00027000 08:08 7082561                    /lib/x86_64-linux-gnu/ld-2.27.so
7ff6acb58000-7ff6acb59000 rw-p 00028000 08:08 7082561                    /lib/x86_64-linux-gnu/ld-2.27.so
7ff6acb59000-7ff6acb5a000 rw-p 00000000 00:00 0 
7ffe560cb000-7ffe560ee000 rw-p 00000000 00:00 0                          [stack]
7ffe5612d000-7ffe56130000 r--p 00000000 00:00 0                          [vvar]
7ffe56130000-7ffe56132000 r-xp 00000000 00:00 0                          [vdso]
ffffffffff600000-ffffffffff601000 r-xp 00000000 00:00 0                  [vsyscall]

VM Arguments:
jvm_args: -agentlib:jdwp=transport=dt_socket,suspend=y,address=localhost:45089 -Dcom.sun.management.jmxremote -Dcom.sun.management.jmxremote.port=42677 -Dcom.sun.management.jmxremote.authenticate=false -Dcom.sun.management.jmxremote.ssl=false -Djava.rmi.server.hostname=localhost -Dspring.liveBeansView.mbeanDomain -Dspring.application.admin.enabled=true -Djava.security.egd=file:/dev/./urandom -Xverify:none -XX:TieredStopAtLevel=1 -Dfile.encoding=UTF-8 
java_command: com.example.demo.DemoApplication --spring.output.ansi.enabled=always
java_class_path (initial): /usr/lib/jvm/java-8-oracle/jre/lib/resources.jar:/usr/lib/jvm/java-8-oracle/jre/lib/rt.jar:/usr/lib/jvm/java-8-oracle/jre/lib/jsse.jar:/usr/lib/jvm/java-8-oracle/jre/lib/jce.jar:/usr/lib/jvm/java-8-oracle/jre/lib/charsets.jar:/usr/lib/jvm/java-8-oracle/jre/lib/jfr.jar:/usr/lib/jvm/java-8-oracle/jre/lib/ext/localedata.jar:/usr/lib/jvm/java-8-oracle/jre/lib/ext/sunec.jar:/usr/lib/jvm/java-8-oracle/jre/lib/ext/sunjce_provider.jar:/usr/lib/jvm/java-8-oracle/jre/lib/ext/zipfs.jar:/usr/lib/jvm/java-8-oracle/jre/lib/ext/jfxrt.jar:/usr/lib/jvm/java-8-oracle/jre/lib/ext/nashorn.jar:/usr/lib/jvm/java-8-oracle/jre/lib/ext/jaccess.jar:/usr/lib/jvm/java-8-oracle/jre/lib/ext/dnsns.jar:/usr/lib/jvm/java-8-oracle/jre/lib/ext/sunpkcs11.jar:/usr/lib/jvm/java-8-oracle/jre/lib/ext/cldrdata.jar:/home/ramiro/git/workshop-microservices/labs/03/demo/target/classes:/home/ramiro/.m2/repository/org/springframework/boot/spring-boot-starter-web/2.0.2.RELEASE/spring-boot-starter-web-2.0.2.RELEASE.jar:/home/ramiro/.m2/repository/org/springframework/boot/spring-boot-starter/2.0.2.RELEASE/spring-boot-starter-2.0.2.RELEASE.jar:/home/ramiro/.m2/repository/org/springframework/boot/spring-boot/2.0.2.RELEASE/spring-boot-2.0.2.RELEASE.jar:/home/ramiro/.m2/repository/org/springframework/boot/spring-boot-autoconfigure/2.0.2.RELEASE/spring-boot-autoconfigure-2.0.2.RELEASE.jar:/home/ramiro/.m2/repository/org/springframework/boot/spring-boot-starter-logging/2.0.2.RELEASE/spring-boot-starter-logging-2.0.2.RELEASE.jar:/home/ramiro/.m2/repository/ch/qos/logback/logback-classic/1.2.3/logback-classic-1.2.3.jar:/home/ramiro/.m2/repository/ch/qos/logback/logback-core/1.2.3/logback-core-1.2.3.jar:/home/ramiro/.m2/repository/org/apache/logging/log4j/log4j-to-slf4j/2.10.0/log4j-to-slf4j-2.10.0.jar:/home/ramiro/.m2/repository/org/apache/logging/log4j/log4j-api/2.10.0/log4j-api-2.10.0.jar:/home/ramiro/.m2/repository/org/slf4j/jul-to-slf4j/1.7.25/jul-to-slf4j-1.7.25.jar:/home/ramiro/.m2/reposi
Launcher Type: SUN_STANDARD

Environment Variables:
JAVA_HOME=/usr/lib/jvm/java-8-oracle
PATH=/usr/local/sbin:/usr/local/bin:/usr/sbin:/usr/bin:/sbin:/bin:/usr/games:/usr/local/games:/snap/bin:/usr/lib/jvm/java-8-oracle/bin:/usr/lib/jvm/java-8-oracle/db/bin:/usr/lib/jvm/java-8-oracle/jre/bin
SHELL=/bin/bash
DISPLAY=:0

Signal Handlers:
SIGSEGV: [libjvm.so+0xad0890], sa_mask[0]=11111111011111111101111111111110, sa_flags=SA_RESTART|SA_SIGINFO
SIGBUS: [libjvm.so+0xad0890], sa_mask[0]=11111111011111111101111111111110, sa_flags=SA_RESTART|SA_SIGINFO
SIGFPE: [libjvm.so+0x928640], sa_mask[0]=11111111011111111101111111111110, sa_flags=SA_RESTART|SA_SIGINFO
SIGPIPE: [libjvm.so+0x928640], sa_mask[0]=11111111011111111101111111111110, sa_flags=SA_RESTART|SA_SIGINFO
SIGXFSZ: [libjvm.so+0x928640], sa_mask[0]=11111111011111111101111111111110, sa_flags=SA_RESTART|SA_SIGINFO
SIGILL: [libjvm.so+0x928640], sa_mask[0]=11111111011111111101111111111110, sa_flags=SA_RESTART|SA_SIGINFO
SIGUSR1: SIG_DFL, sa_mask[0]=00000000000000000000000000000000, sa_flags=none
SIGUSR2: [libjvm.so+0x929ea0], sa_mask[0]=00100000000000000000000000000000, sa_flags=SA_RESTART|SA_SIGINFO
SIGHUP: [libjvm.so+0x92b2a0], sa_mask[0]=11111111011111111101111111111110, sa_flags=SA_RESTART|SA_SIGINFO
SIGINT: [libjvm.so+0x92b2a0], sa_mask[0]=11111111011111111101111111111110, sa_flags=SA_RESTART|SA_SIGINFO
SIGTERM: [libjvm.so+0x92b2a0], sa_mask[0]=11111111011111111101111111111110, sa_flags=SA_RESTART|SA_SIGINFO
SIGQUIT: [libjvm.so+0x92b2a0], sa_mask[0]=11111111011111111101111111111110, sa_flags=SA_RESTART|SA_SIGINFO


---------------  S Y S T E M  ---------------

OS:DISTRIB_ID=Ubuntu
DISTRIB_RELEASE=18.04
DISTRIB_CODENAME=bionic
DISTRIB_DESCRIPTION="Ubuntu 18.04 LTS"

uname:Linux 4.15.0-22-generic #24-Ubuntu SMP Wed May 16 12:15:17 UTC 2018 x86_64
libc:glibc 2.27 NPTL 2.27 
rlimit: STACK 8192k, CORE 0k, NPROC 30108, NOFILE 1048576, AS infinity
load average:0,65 0,53 0,48

/proc/meminfo:
MemTotal:        8030704 kB
MemFree:          132232 kB
MemAvailable:    1182648 kB
Buffers:          206512 kB
Cached:          1082052 kB
SwapCached:          416 kB
Active:          6229292 kB
Inactive:        1080236 kB
Active(anon):    5521152 kB
Inactive(anon):   567320 kB
Active(file):     708140 kB
Inactive(file):   512916 kB
Unevictable:         588 kB
Mlocked:             588 kB
SwapTotal:       2097148 kB
SwapFree:        2093052 kB
Dirty:               488 kB
Writeback:             0 kB
AnonPages:       6020980 kB
Mapped:           641780 kB
Shmem:             67740 kB
Slab:             262708 kB
SReclaimable:     109584 kB
SUnreclaim:       153124 kB
KernelStack:       21296 kB
PageTables:        98984 kB
NFS_Unstable:          0 kB
Bounce:                0 kB
WritebackTmp:          0 kB
CommitLimit:     6112500 kB
Committed_AS:   17863444 kB
VmallocTotal:   34359738367 kB
VmallocUsed:           0 kB
VmallocChunk:          0 kB
HardwareCorrupted:     0 kB
AnonHugePages:         0 kB
ShmemHugePages:        0 kB
ShmemPmdMapped:        0 kB
CmaTotal:              0 kB
CmaFree:               0 kB
HugePages_Total:       0
HugePages_Free:        0
HugePages_Rsvd:        0
HugePages_Surp:        0
Hugepagesize:       2048 kB
DirectMap4k:      522916 kB
DirectMap2M:     7729152 kB
DirectMap1G:           0 kB


CPU:total 8 (initial active 8) (4 cores per cpu, 2 threads per core) family 6 model 158 stepping 9, cmov, cx8, fxsr, mmx, sse, sse2, sse3, ssse3, sse4.1, sse4.2, popcnt, avx, avx2, aes, clmul, erms, 3dnowpref, lzcnt, ht, tsc, tscinvbit, bmi1, bmi2, adx

/proc/cpuinfo:
processor	: 0
vendor_id	: GenuineIntel
cpu family	: 6
model		: 158
model name	: Intel(R) Core(TM) i7-7700HQ CPU @ 2.80GHz
stepping	: 9
microcode	: 0x5e
cpu MHz		: 3531.277
cache size	: 6144 KB
physical id	: 0
siblings	: 8
core id		: 0
cpu cores	: 4
apicid		: 0
initial apicid	: 0
fpu		: yes
fpu_exception	: yes
cpuid level	: 22
wp		: yes
flags		: fpu vme de pse tsc msr pae mce cx8 apic sep mtrr pge mca cmov pat pse36 clflush dts acpi mmx fxsr sse sse2 ss ht tm pbe syscall nx pdpe1gb rdtscp lm constant_tsc art arch_perfmon pebs bts rep_good nopl xtopology nonstop_tsc cpuid aperfmperf tsc_known_freq pni pclmulqdq dtes64 monitor ds_cpl vmx est tm2 ssse3 sdbg fma cx16 xtpr pdcm pcid sse4_1 sse4_2 x2apic movbe popcnt tsc_deadline_timer aes xsave avx f16c rdrand lahf_lm abm 3dnowprefetch cpuid_fault epb invpcid_single pti tpr_shadow vnmi flexpriority ept vpid fsgsbase tsc_adjust bmi1 avx2 smep bmi2 erms invpcid mpx rdseed adx smap clflushopt intel_pt xsaveopt xsavec xgetbv1 xsaves dtherm ida arat pln pts hwp hwp_notify hwp_act_window hwp_epp
bugs		: cpu_meltdown spectre_v1 spectre_v2 spec_store_bypass
bogomips	: 5616.00
clflush size	: 64
cache_alignment	: 64
address sizes	: 39 bits physical, 48 bits virtual
power management:

processor	: 1
vendor_id	: GenuineIntel
cpu family	: 6
model		: 158
model name	: Intel(R) Core(TM) i7-7700HQ CPU @ 2.80GHz
stepping	: 9
microcode	: 0x5e
cpu MHz		: 3483.829
cache size	: 6144 KB
physical id	: 0
siblings	: 8
core id		: 1
cpu cores	: 4
apicid		: 2
initial apicid	: 2
fpu		: yes
fpu_exception	: yes
cpuid level	: 22
wp		: yes
flags		: fpu vme de pse tsc msr pae mce cx8 apic sep mtrr pge mca cmov pat pse36 clflush dts acpi mmx fxsr sse sse2 ss ht tm pbe syscall nx pdpe1gb rdtscp lm constant_tsc art arch_perfmon pebs bts rep_good nopl xtopology nonstop_tsc cpuid aperfmperf tsc_known_freq pni pclmulqdq dtes64 monitor ds_cpl vmx est tm2 ssse3 sdbg fma cx16 xtpr pdcm pcid sse4_1 sse4_2 x2apic movbe popcnt tsc_deadline_timer aes xsave avx f16c rdrand lahf_lm abm 3dnowprefetch cpuid_fault epb invpcid_single pti tpr_shadow vnmi flexpriority ept vpid fsgsbase tsc_adjust bmi1 avx2 smep bmi2 erms invpcid mpx rdseed adx smap clflushopt intel_pt xsaveopt xsavec xgetbv1 xsaves dtherm ida arat pln pts hwp hwp_notify hwp_act_window hwp_epp
bugs		: cpu_meltdown spectre_v1 spectre_v2 spec_store_bypass
bogomips	: 5616.00
clflush size	: 64
cache_alignment	: 64
address sizes	: 39 bits physical, 48 bits virtual
power management:

processor	: 2
vendor_id	: GenuineIntel
cpu family	: 6
model		: 158
model name	: Intel(R) Core(TM) i7-7700HQ CPU @ 2.80GHz
stepping	: 9
microcode	: 0x5e
cpu MHz		: 3487.437
cache size	: 6144 KB
physical id	: 0
siblings	: 8
core id		: 2
cpu cores	: 4
apicid		: 4
initial apicid	: 4
fpu		: yes
fpu_exception	: yes
cpuid level	: 22
wp		: yes
flags		: fpu vme de pse tsc msr pae mce cx8 apic sep mtrr pge mca cmov pat pse36 clflush dts acpi mmx fxsr sse sse2 ss ht tm pbe syscall nx pdpe1gb rdtscp lm constant_tsc art arch_perfmon pebs bts rep_good nopl xtopology nonstop_tsc cpuid aperfmperf tsc_known_freq pni pclmulqdq dtes64 monitor ds_cpl vmx est tm2 ssse3 sdbg fma cx16 xtpr pdcm pcid sse4_1 sse4_2 x2apic movbe popcnt tsc_deadline_timer aes xsave avx f16c rdrand lahf_lm abm 3dnowprefetch cpuid_fault epb invpcid_single pti tpr_shadow vnmi flexpriority ept vpid fsgsbase tsc_adjust bmi1 avx2 smep bmi2 erms invpcid mpx rdseed adx smap clflushopt intel_pt xsaveopt xsavec xgetbv1 xsaves dtherm ida arat pln pts hwp hwp_notify hwp_act_window hwp_epp
bugs		: cpu_meltdown spectre_v1 spectre_v2 spec_store_bypass
bogomips	: 5616.00
clflush size	: 64
cache_alignment	: 64
address sizes	: 39 bits physical, 48 bits virtual
power management:

processor	: 3
vendor_id	: GenuineIntel
cpu family	: 6
model		: 158
model name	: Intel(R) Core(TM) i7-7700HQ CPU @ 2.80GHz
stepping	: 9
microcode	: 0x5e
cpu MHz		: 3514.970
cache size	: 6144 KB
physical id	: 0
siblings	: 8
core id		: 3
cpu cores	: 4
apicid		: 6
initial apicid	: 6
fpu		: yes
fpu_exception	: yes
cpuid level	: 22
wp		: yes
flags		: fpu vme de pse tsc msr pae mce cx8 apic sep mtrr pge mca cmov pat pse36 clflush dts acpi mmx fxsr sse sse2 ss ht tm pbe syscall nx pdpe1gb rdtscp lm constant_tsc art arch_perfmon pebs bts rep_good nopl xtopology nonstop_tsc cpuid aperfmperf tsc_known_freq pni pclmulqdq dtes64 monitor ds_cpl vmx est tm2 ssse3 sdbg fma cx16 xtpr pdcm pcid sse4_1 sse4_2 x2apic movbe popcnt tsc_deadline_timer aes xsave avx f16c rdrand lahf_lm abm 3dnowprefetch cpuid_fault epb invpcid_single pti tpr_shadow vnmi flexpriority ept vpid fsgsbase tsc_adjust bmi1 avx2 smep bmi2 erms invpcid mpx rdseed adx smap clflushopt intel_pt xsaveopt xsavec xgetbv1 xsaves dtherm ida arat pln pts hwp hwp_notify hwp_act_window hwp_epp
bugs		: cpu_meltdown spectre_v1 spectre_v2 spec_store_bypass
bogomips	: 5616.00
clflush size	: 64
cache_alignment	: 64
address sizes	: 39 bits physical, 48 bits virtual
power management:

processor	: 4
vendor_id	: GenuineIntel
cpu family	: 6
model		: 158
model name	: Intel(R) Core(TM) i7-7700HQ CPU @ 2.80GHz
stepping	: 9
microcode	: 0x5e
cpu MHz		: 3495.661
cache size	: 6144 KB
physical id	: 0
siblings	: 8
core id		: 0
cpu cores	: 4
apicid		: 1
initial apicid	: 1
fpu		: yes
fpu_exception	: yes
cpuid level	: 22
wp		: yes
flags		: fpu vme de pse tsc msr pae mce cx8 apic sep mtrr pge mca cmov pat pse36 clflush dts acpi mmx fxsr sse sse2 ss ht tm pbe syscall nx pdpe1gb rdtscp lm constant_tsc art arch_perfmon pebs bts rep_good nopl xtopology nonstop_tsc cpuid aperfmperf tsc_known_freq pni pclmulqdq dtes64 monitor ds_cpl vmx est tm2 ssse3 sdbg fma cx16 xtpr pdcm pcid sse4_1 sse4_2 x2apic movbe popcnt tsc_deadline_timer aes xsave avx f16c rdrand lahf_lm abm 3dnowprefetch cpuid_fault epb invpcid_single pti tpr_shadow vnmi flexpriority ept vpid fsgsbase tsc_adjust bmi1 avx2 smep bmi2 erms invpcid mpx rdseed adx smap clflushopt intel_pt xsaveopt xsavec xgetbv1 xsaves dtherm ida arat pln pts hwp hwp_notify hwp_act_window hwp_epp
bugs		: cpu_meltdown spectre_v1 spectre_v2 spec_store_bypass
bogomips	: 5616.00
clflush size	: 64
cache_alignment	: 64
address sizes	: 39 bits physical, 48 bits virtual
power management:

processor	: 5
vendor_id	: GenuineIntel
cpu family	: 6
model		: 158
model name	: Intel(R) Core(TM) i7-7700HQ CPU @ 2.80GHz
stepping	: 9
microcode	: 0x5e
cpu MHz		: 3487.647
cache size	: 6144 KB
physical id	: 0
siblings	: 8
core id		: 1
cpu cores	: 4
apicid		: 3
initial apicid	: 3
fpu		: yes
fpu_exception	: yes
cpuid level	: 22
wp		: yes
flags		: fpu vme de pse tsc msr pae mce cx8 apic sep mtrr pge mca cmov pat pse36 clflush dts acpi mmx fxsr sse sse2 ss ht tm pbe syscall nx pdpe1gb rdtscp lm constant_tsc art arch_perfmon pebs bts rep_good nopl xtopology nonstop_tsc cpuid aperfmperf tsc_known_freq pni pclmulqdq dtes64 monitor ds_cpl vmx est tm2 ssse3 sdbg fma cx16 xtpr pdcm pcid sse4_1 sse4_2 x2apic movbe popcnt tsc_deadline_timer aes xsave avx f16c rdrand lahf_lm abm 3dnowprefetch cpuid_fault epb invpcid_single pti tpr_shadow vnmi flexpriority ept vpid fsgsbase tsc_adjust bmi1 avx2 smep bmi2 erms invpcid mpx rdseed adx smap clflushopt intel_pt xsaveopt xsavec xgetbv1 xsaves dtherm ida arat pln pts hwp hwp_notify hwp_act_window hwp_epp
bugs		: cpu_meltdown spectre_v1 spectre_v2 spec_store_bypass
bogomips	: 5616.00
clflush size	: 64
cache_alignment	: 64
address sizes	: 39 bits physical, 48 bits virtual
power management:

processor	: 6
vendor_id	: GenuineIntel
cpu family	: 6
model		: 158
model name	: Intel(R) Core(TM) i7-7700HQ CPU @ 2.80GHz
stepping	: 9
microcode	: 0x5e
cpu MHz		: 3458.832
cache size	: 6144 KB
physical id	: 0
siblings	: 8
core id		: 2
cpu cores	: 4
apicid		: 5
initial apicid	: 5
fpu		: yes
fpu_exception	: yes
cpuid level	: 22
wp		: yes
flags		: fpu vme de pse tsc msr pae mce cx8 apic sep mtrr pge mca cmov pat pse36 clflush dts acpi mmx fxsr sse sse2 ss ht tm pbe syscall nx pdpe1gb rdtscp lm constant_tsc art arch_perfmon pebs bts rep_good nopl xtopology nonstop_tsc cpuid aperfmperf tsc_known_freq pni pclmulqdq dtes64 monitor ds_cpl vmx est tm2 ssse3 sdbg fma cx16 xtpr pdcm pcid sse4_1 sse4_2 x2apic movbe popcnt tsc_deadline_timer aes xsave avx f16c rdrand lahf_lm abm 3dnowprefetch cpuid_fault epb invpcid_single pti tpr_shadow vnmi flexpriority ept vpid fsgsbase tsc_adjust bmi1 avx2 smep bmi2 erms invpcid mpx rdseed adx smap clflushopt intel_pt xsaveopt xsavec xgetbv1 xsaves dtherm ida arat pln pts hwp hwp_notify hwp_act_window hwp_epp
bugs		: cpu_meltdown spectre_v1 spectre_v2 spec_store_bypass
bogomips	: 5616.00
clflush size	: 64
cache_alignment	: 64
address sizes	: 39 bits physical, 48 bits virtual
power management:

processor	: 7
vendor_id	: GenuineIntel
cpu family	: 6
model		: 158
model name	: Intel(R) Core(TM) i7-7700HQ CPU @ 2.80GHz
stepping	: 9
microcode	: 0x5e
cpu MHz		: 3528.986
cache size	: 6144 KB
physical id	: 0
siblings	: 8
core id		: 3
cpu cores	: 4
apicid		: 7
initial apicid	: 7
fpu		: yes
fpu_exception	: yes
cpuid level	: 22
wp		: yes
flags		: fpu vme de pse tsc msr pae mce cx8 apic sep mtrr pge mca cmov pat pse36 clflush dts acpi mmx fxsr sse sse2 ss ht tm pbe syscall nx pdpe1gb rdtscp lm constant_tsc art arch_perfmon pebs bts rep_good nopl xtopology nonstop_tsc cpuid aperfmperf tsc_known_freq pni pclmulqdq dtes64 monitor ds_cpl vmx est tm2 ssse3 sdbg fma cx16 xtpr pdcm pcid sse4_1 sse4_2 x2apic movbe popcnt tsc_deadline_timer aes xsave avx f16c rdrand lahf_lm abm 3dnowprefetch cpuid_fault epb invpcid_single pti tpr_shadow vnmi flexpriority ept vpid fsgsbase tsc_adjust bmi1 avx2 smep bmi2 erms invpcid mpx rdseed adx smap clflushopt intel_pt xsaveopt xsavec xgetbv1 xsaves dtherm ida arat pln pts hwp hwp_notify hwp_act_window hwp_epp
bugs		: cpu_meltdown spectre_v1 spectre_v2 spec_store_bypass
bogomips	: 5616.00
clflush size	: 64
cache_alignment	: 64
address sizes	: 39 bits physical, 48 bits virtual
power management:



Memory: 4k page, physical 8030704k(132232k free), swap 2097148k(2093052k free)

vm_info: Java HotSpot(TM) 64-Bit Server VM (25.171-b11) for linux-amd64 JRE (1.8.0_171-b11), built on Mar 28 2018 17:07:08 by "java_re" with gcc 4.3.0 20080428 (Red Hat 4.3.0-8)

time: Thu Jun 14 22:27:47 2018
elapsed time: 40 seconds (0d 0h 0m 40s)

